[2025-07-03 16:41:06] INFO: Starting MAVSDK logger...
[2025-07-03 16:41:06] INFO: Table weather_logs created or exists
[2025-07-03 16:41:06] INFO: WeatherMySQLLogger connection closed
[2025-07-03 16:41:06] INFO: Table flight_20250703_111106 created or exists
[2025-07-03 16:41:06] INFO: MySQLLogger connection closed
[2025-07-03 16:41:11] INFO: Logging options: sql=False, csv=True, tcp=True
[2025-07-03 16:41:11] INFO: Initializing TCP server...
[2025-07-03 16:41:11] WARNING: Port 9000 is in use: [Errno 98] Address already in use
[2025-07-03 16:41:11] INFO: Port 9001 is available
[2025-07-03 16:41:11] INFO: TCP Server started on port 9001
[2025-07-03 16:41:11] INFO: Updated config.json with TCP port 9001
[2025-07-03 16:41:11] INFO: Connecting to drone...
[2025-07-03 16:41:11] INFO: Waiting for drone to connect...
[2025-07-03 16:41:11] INFO: Drone connected!
[2025-07-03 16:41:11] INFO: CSV logger initialized for mavsdk_logs/drone_log_20250703_111106.csv
[2025-07-03 16:41:11] INFO: Logging started. Press Ctrl+C to stop.
[2025-07-03 16:41:11] INFO: CSV data flushed to mavsdk_logs/drone_log_20250703_111106.csv
[2025-07-03 16:41:16] INFO: CSV data flushed to mavsdk_logs/drone_log_20250703_111106.csv
[2025-07-03 16:41:21] INFO: CSV data flushed to mavsdk_logs/drone_log_20250703_111106.csv
[2025-07-03 16:41:26] INFO: CSV data flushed to mavsdk_logs/drone_log_20250703_111106.csv
[2025-07-03 16:41:31] INFO: CSV data flushed to mavsdk_logs/drone_log_20250703_111106.csv
[2025-07-03 16:41:36] INFO: CSV data flushed to mavsdk_logs/drone_log_20250703_111106.csv
[2025-07-03 16:41:41] INFO: CSV data flushed to mavsdk_logs/drone_log_20250703_111106.csv
[2025-07-03 16:41:46] INFO: CSV data flushed to mavsdk_logs/drone_log_20250703_111106.csv
[2025-07-03 16:41:51] INFO: CSV data flushed to mavsdk_logs/drone_log_20250703_111106.csv
[2025-07-03 16:41:56] INFO: CSV data flushed to mavsdk_logs/drone_log_20250703_111106.csv
[2025-07-03 16:42:01] INFO: CSV data flushed to mavsdk_logs/drone_log_20250703_111106.csv
[2025-07-03 16:42:06] INFO: CSV data flushed to mavsdk_logs/drone_log_20250703_111106.csv
[2025-07-03 16:42:11] INFO: CSV data flushed to mavsdk_logs/drone_log_20250703_111106.csv
[2025-07-03 16:42:16] INFO: CSV data flushed to mavsdk_logs/drone_log_20250703_111106.csv
[2025-07-03 16:42:21] INFO: CSV data flushed to mavsdk_logs/drone_log_20250703_111106.csv
[2025-07-03 16:42:26] INFO: CSV data flushed to mavsdk_logs/drone_log_20250703_111106.csv
[2025-07-03 16:42:31] INFO: CSV data flushed to mavsdk_logs/drone_log_20250703_111106.csv
[2025-07-03 16:42:36] INFO: CSV data flushed to mavsdk_logs/drone_log_20250703_111106.csv
[2025-07-03 16:42:41] INFO: CSV data flushed to mavsdk_logs/drone_log_20250703_111106.csv
[2025-07-03 16:42:46] INFO: CSV data flushed to mavsdk_logs/drone_log_20250703_111106.csv
[2025-07-03 16:42:51] INFO: CSV data flushed to mavsdk_logs/drone_log_20250703_111106.csv
[2025-07-03 16:42:56] INFO: CSV data flushed to mavsdk_logs/drone_log_20250703_111106.csv
[2025-07-03 16:43:01] INFO: CSV data flushed to mavsdk_logs/drone_log_20250703_111106.csv
[2025-07-03 16:43:06] INFO: CSV data flushed to mavsdk_logs/drone_log_20250703_111106.csv
[2025-07-03 16:43:11] INFO: CSV data flushed to mavsdk_logs/drone_log_20250703_111106.csv
[2025-07-03 16:43:17] INFO: CSV data flushed to mavsdk_logs/drone_log_20250703_111106.csv
[2025-07-03 16:43:22] INFO: CSV data flushed to mavsdk_logs/drone_log_20250703_111106.csv
[2025-07-03 16:43:27] INFO: CSV data flushed to mavsdk_logs/drone_log_20250703_111106.csv
[2025-07-03 16:43:32] INFO: CSV data flushed to mavsdk_logs/drone_log_20250703_111106.csv
[2025-07-03 16:43:37] INFO: CSV data flushed to mavsdk_logs/drone_log_20250703_111106.csv
[2025-07-03 16:43:42] INFO: CSV data flushed to mavsdk_logs/drone_log_20250703_111106.csv
[2025-07-03 16:43:47] INFO: CSV data flushed to mavsdk_logs/drone_log_20250703_111106.csv
[2025-07-03 16:43:52] INFO: CSV data flushed to mavsdk_logs/drone_log_20250703_111106.csv
[2025-07-03 16:43:57] INFO: CSV data flushed to mavsdk_logs/drone_log_20250703_111106.csv
[2025-07-03 16:44:02] INFO: CSV data flushed to mavsdk_logs/drone_log_20250703_111106.csv
[2025-07-03 16:44:07] INFO: CSV data flushed to mavsdk_logs/drone_log_20250703_111106.csv
[2025-07-03 16:44:12] INFO: CSV data flushed to mavsdk_logs/drone_log_20250703_111106.csv
[2025-07-03 16:44:17] INFO: CSV data flushed to mavsdk_logs/drone_log_20250703_111106.csv
[2025-07-03 16:44:22] INFO: CSV data flushed to mavsdk_logs/drone_log_20250703_111106.csv
[2025-07-03 16:44:27] INFO: CSV data flushed to mavsdk_logs/drone_log_20250703_111106.csv
[2025-07-03 16:44:32] INFO: CSV data flushed to mavsdk_logs/drone_log_20250703_111106.csv
[2025-07-03 16:44:37] INFO: CSV data flushed to mavsdk_logs/drone_log_20250703_111106.csv
[2025-07-03 16:44:42] INFO: CSV data flushed to mavsdk_logs/drone_log_20250703_111106.csv
[2025-07-03 16:44:47] INFO: CSV data flushed to mavsdk_logs/drone_log_20250703_111106.csv
[2025-07-03 16:44:52] INFO: CSV data flushed to mavsdk_logs/drone_log_20250703_111106.csv
[2025-07-03 16:44:57] INFO: CSV data flushed to mavsdk_logs/drone_log_20250703_111106.csv
[2025-07-03 16:45:02] INFO: CSV data flushed to mavsdk_logs/drone_log_20250703_111106.csv
[2025-07-03 16:45:07] INFO: CSV data flushed to mavsdk_logs/drone_log_20250703_111106.csv
[2025-07-03 16:45:12] INFO: CSV data flushed to mavsdk_logs/drone_log_20250703_111106.csv
[2025-07-03 16:45:17] INFO: CSV data flushed to mavsdk_logs/drone_log_20250703_111106.csv
[2025-07-03 16:45:22] INFO: CSV data flushed to mavsdk_logs/drone_log_20250703_111106.csv
[2025-07-03 16:45:27] INFO: CSV data flushed to mavsdk_logs/drone_log_20250703_111106.csv
[2025-07-03 16:45:32] INFO: CSV data flushed to mavsdk_logs/drone_log_20250703_111106.csv
[2025-07-03 16:45:33] INFO: Shutdown signal received...
[2025-07-03 16:46:32] INFO: Starting MAVSDK logger...
[2025-07-03 16:46:32] INFO: Table weather_logs created or exists
[2025-07-03 16:46:32] INFO: WeatherMySQLLogger connection closed
[2025-07-03 16:46:32] INFO: Table flight_20250703_111632 created or exists
[2025-07-03 16:46:32] INFO: MySQLLogger connection closed
[2025-07-03 16:46:38] INFO: Logging options: sql=False, csv=True, tcp=True
[2025-07-03 16:46:38] INFO: Initializing TCP server...
[2025-07-03 16:46:38] INFO: Port 9001 is available
[2025-07-03 16:46:38] INFO: TCP Server started on port 9001
[2025-07-03 16:46:38] INFO: Updated config.json with TCP port 9001
[2025-07-03 16:46:38] INFO: Connecting to drone...
[2025-07-03 16:46:38] INFO: Waiting for drone to connect...
[2025-07-03 16:46:38] INFO: Drone connected!
[2025-07-03 16:46:38] INFO: CSV logger initialized for mavsdk_logs/drone_log_20250703_111632.csv
[2025-07-03 16:46:38] INFO: Logging started. Press Ctrl+C to stop.
[2025-07-03 16:46:38] INFO: CSV data flushed to mavsdk_logs/drone_log_20250703_111632.csv
[2025-07-03 16:46:43] INFO: CSV data flushed to mavsdk_logs/drone_log_20250703_111632.csv
[2025-07-03 16:46:48] INFO: CSV data flushed to mavsdk_logs/drone_log_20250703_111632.csv
[2025-07-03 16:46:53] INFO: CSV data flushed to mavsdk_logs/drone_log_20250703_111632.csv
[2025-07-03 16:46:58] INFO: CSV data flushed to mavsdk_logs/drone_log_20250703_111632.csv
[2025-07-03 16:47:03] INFO: CSV data flushed to mavsdk_logs/drone_log_20250703_111632.csv
[2025-07-03 16:47:08] INFO: CSV data flushed to mavsdk_logs/drone_log_20250703_111632.csv
[2025-07-03 16:47:13] INFO: CSV data flushed to mavsdk_logs/drone_log_20250703_111632.csv
[2025-07-03 16:47:16] INFO: Client connected from ('127.0.0.1', 33474)
[2025-07-03 16:47:18] INFO: CSV data flushed to mavsdk_logs/drone_log_20250703_111632.csv
[2025-07-03 16:47:23] INFO: CSV data flushed to mavsdk_logs/drone_log_20250703_111632.csv
[2025-07-03 16:47:28] INFO: CSV data flushed to mavsdk_logs/drone_log_20250703_111632.csv
[2025-07-03 16:47:33] INFO: CSV data flushed to mavsdk_logs/drone_log_20250703_111632.csv
[2025-07-03 16:47:38] INFO: CSV data flushed to mavsdk_logs/drone_log_20250703_111632.csv
[2025-07-03 16:47:43] INFO: CSV data flushed to mavsdk_logs/drone_log_20250703_111632.csv
[2025-07-03 16:47:48] INFO: CSV data flushed to mavsdk_logs/drone_log_20250703_111632.csv
[2025-07-03 16:47:53] INFO: CSV data flushed to mavsdk_logs/drone_log_20250703_111632.csv
[2025-07-03 16:47:58] INFO: CSV data flushed to mavsdk_logs/drone_log_20250703_111632.csv
[2025-07-03 16:48:03] INFO: CSV data flushed to mavsdk_logs/drone_log_20250703_111632.csv
[2025-07-03 16:48:08] INFO: CSV data flushed to mavsdk_logs/drone_log_20250703_111632.csv
[2025-07-03 16:48:13] INFO: CSV data flushed to mavsdk_logs/drone_log_20250703_111632.csv
[2025-07-03 16:48:18] INFO: CSV data flushed to mavsdk_logs/drone_log_20250703_111632.csv
[2025-07-03 16:48:23] INFO: CSV data flushed to mavsdk_logs/drone_log_20250703_111632.csv
[2025-07-03 16:48:28] INFO: CSV data flushed to mavsdk_logs/drone_log_20250703_111632.csv
[2025-07-03 16:48:29] INFO: Client connected from ('127.0.0.1', 58490)
[2025-07-03 16:48:33] INFO: CSV data flushed to mavsdk_logs/drone_log_20250703_111632.csv
[2025-07-03 16:48:38] INFO: CSV data flushed to mavsdk_logs/drone_log_20250703_111632.csv
[2025-07-03 16:48:43] INFO: CSV data flushed to mavsdk_logs/drone_log_20250703_111632.csv
[2025-07-03 16:48:48] INFO: CSV data flushed to mavsdk_logs/drone_log_20250703_111632.csv
[2025-07-03 16:48:53] INFO: CSV data flushed to mavsdk_logs/drone_log_20250703_111632.csv
[2025-07-03 16:48:58] INFO: CSV data flushed to mavsdk_logs/drone_log_20250703_111632.csv
[2025-07-03 16:49:03] INFO: CSV data flushed to mavsdk_logs/drone_log_20250703_111632.csv
[2025-07-03 16:49:08] INFO: CSV data flushed to mavsdk_logs/drone_log_20250703_111632.csv
[2025-07-03 16:49:13] INFO: CSV data flushed to mavsdk_logs/drone_log_20250703_111632.csv
[2025-07-03 16:49:18] INFO: CSV data flushed to mavsdk_logs/drone_log_20250703_111632.csv
[2025-07-03 16:49:23] INFO: CSV data flushed to mavsdk_logs/drone_log_20250703_111632.csv
[2025-07-03 16:49:28] INFO: CSV data flushed to mavsdk_logs/drone_log_20250703_111632.csv
[2025-07-03 16:49:33] INFO: CSV data flushed to mavsdk_logs/drone_log_20250703_111632.csv
[2025-07-03 16:49:38] INFO: CSV data flushed to mavsdk_logs/drone_log_20250703_111632.csv
[2025-07-03 16:49:43] INFO: CSV data flushed to mavsdk_logs/drone_log_20250703_111632.csv
[2025-07-03 16:49:48] INFO: CSV data flushed to mavsdk_logs/drone_log_20250703_111632.csv
[2025-07-03 16:49:53] INFO: CSV data flushed to mavsdk_logs/drone_log_20250703_111632.csv
[2025-07-03 16:49:58] INFO: CSV data flushed to mavsdk_logs/drone_log_20250703_111632.csv
[2025-07-03 16:50:03] INFO: CSV data flushed to mavsdk_logs/drone_log_20250703_111632.csv
[2025-07-03 16:50:08] INFO: CSV data flushed to mavsdk_logs/drone_log_20250703_111632.csv
[2025-07-03 16:50:13] INFO: CSV data flushed to mavsdk_logs/drone_log_20250703_111632.csv
[2025-07-03 16:50:18] INFO: CSV data flushed to mavsdk_logs/drone_log_20250703_111632.csv
[2025-07-03 16:50:23] INFO: CSV data flushed to mavsdk_logs/drone_log_20250703_111632.csv
[2025-07-03 16:50:28] INFO: CSV data flushed to mavsdk_logs/drone_log_20250703_111632.csv
[2025-07-03 16:50:33] INFO: CSV data flushed to mavsdk_logs/drone_log_20250703_111632.csv
[2025-07-03 16:50:38] INFO: CSV data flushed to mavsdk_logs/drone_log_20250703_111632.csv
[2025-07-03 16:50:43] INFO: CSV data flushed to mavsdk_logs/drone_log_20250703_111632.csv
[2025-07-03 16:50:48] INFO: CSV data flushed to mavsdk_logs/drone_log_20250703_111632.csv
[2025-07-03 16:50:53] INFO: CSV data flushed to mavsdk_logs/drone_log_20250703_111632.csv
[2025-07-03 16:50:58] INFO: CSV data flushed to mavsdk_logs/drone_log_20250703_111632.csv
[2025-07-03 16:51:03] INFO: CSV data flushed to mavsdk_logs/drone_log_20250703_111632.csv
[2025-07-03 16:51:08] INFO: CSV data flushed to mavsdk_logs/drone_log_20250703_111632.csv
[2025-07-03 16:51:13] INFO: CSV data flushed to mavsdk_logs/drone_log_20250703_111632.csv
[2025-07-03 16:51:18] INFO: CSV data flushed to mavsdk_logs/drone_log_20250703_111632.csv
[2025-07-03 16:51:23] INFO: CSV data flushed to mavsdk_logs/drone_log_20250703_111632.csv
[2025-07-03 16:51:28] INFO: CSV data flushed to mavsdk_logs/drone_log_20250703_111632.csv
[2025-07-03 16:51:33] INFO: CSV data flushed to mavsdk_logs/drone_log_20250703_111632.csv
[2025-07-03 16:51:38] INFO: CSV data flushed to mavsdk_logs/drone_log_20250703_111632.csv
[2025-07-03 16:51:43] INFO: CSV data flushed to mavsdk_logs/drone_log_20250703_111632.csv
[2025-07-03 16:51:47] INFO: Drone disconnected!
[2025-07-03 16:51:48] INFO: CSV data flushed to mavsdk_logs/drone_log_20250703_111632.csv
[2025-07-03 16:51:53] INFO: CSV data flushed to mavsdk_logs/drone_log_20250703_111632.csv
[2025-07-03 16:51:58] INFO: CSV data flushed to mavsdk_logs/drone_log_20250703_111632.csv
[2025-07-03 16:52:03] INFO: CSV data flushed to mavsdk_logs/drone_log_20250703_111632.csv
[2025-07-03 16:52:08] INFO: CSV data flushed to mavsdk_logs/drone_log_20250703_111632.csv
[2025-07-03 16:52:13] INFO: CSV data flushed to mavsdk_logs/drone_log_20250703_111632.csv
[2025-07-03 16:52:18] INFO: CSV data flushed to mavsdk_logs/drone_log_20250703_111632.csv
[2025-07-03 16:52:23] INFO: CSV data flushed to mavsdk_logs/drone_log_20250703_111632.csv
[2025-07-03 16:52:28] INFO: CSV data flushed to mavsdk_logs/drone_log_20250703_111632.csv
[2025-07-03 16:52:33] INFO: CSV data flushed to mavsdk_logs/drone_log_20250703_111632.csv
[2025-07-03 16:52:38] INFO: CSV data flushed to mavsdk_logs/drone_log_20250703_111632.csv
[2025-07-03 16:52:43] INFO: CSV data flushed to mavsdk_logs/drone_log_20250703_111632.csv
[2025-07-03 16:52:48] INFO: CSV data flushed to mavsdk_logs/drone_log_20250703_111632.csv
[2025-07-03 16:52:53] INFO: CSV data flushed to mavsdk_logs/drone_log_20250703_111632.csv
[2025-07-03 16:52:58] INFO: CSV data flushed to mavsdk_logs/drone_log_20250703_111632.csv
[2025-07-03 16:53:03] INFO: CSV data flushed to mavsdk_logs/drone_log_20250703_111632.csv
[2025-07-03 16:53:08] INFO: CSV data flushed to mavsdk_logs/drone_log_20250703_111632.csv
[2025-07-03 16:53:13] INFO: CSV data flushed to mavsdk_logs/drone_log_20250703_111632.csv
[2025-07-03 16:53:18] INFO: CSV data flushed to mavsdk_logs/drone_log_20250703_111632.csv
[2025-07-03 16:53:23] INFO: CSV data flushed to mavsdk_logs/drone_log_20250703_111632.csv
[2025-07-03 16:53:28] INFO: CSV data flushed to mavsdk_logs/drone_log_20250703_111632.csv
[2025-07-03 16:53:33] INFO: CSV data flushed to mavsdk_logs/drone_log_20250703_111632.csv
[2025-07-03 16:53:38] INFO: CSV data flushed to mavsdk_logs/drone_log_20250703_111632.csv
[2025-07-03 16:53:43] INFO: CSV data flushed to mavsdk_logs/drone_log_20250703_111632.csv
[2025-07-03 16:53:48] INFO: CSV data flushed to mavsdk_logs/drone_log_20250703_111632.csv
[2025-07-03 16:53:53] INFO: CSV data flushed to mavsdk_logs/drone_log_20250703_111632.csv
[2025-07-03 16:53:58] INFO: CSV data flushed to mavsdk_logs/drone_log_20250703_111632.csv
[2025-07-03 16:54:03] INFO: CSV data flushed to mavsdk_logs/drone_log_20250703_111632.csv
[2025-07-03 16:54:08] INFO: CSV data flushed to mavsdk_logs/drone_log_20250703_111632.csv
[2025-07-03 16:54:13] INFO: CSV data flushed to mavsdk_logs/drone_log_20250703_111632.csv
[2025-07-03 16:54:18] INFO: CSV data flushed to mavsdk_logs/drone_log_20250703_111632.csv
[2025-07-03 16:54:23] INFO: CSV data flushed to mavsdk_logs/drone_log_20250703_111632.csv
[2025-07-03 16:54:28] INFO: CSV data flushed to mavsdk_logs/drone_log_20250703_111632.csv
[2025-07-03 16:54:33] INFO: CSV data flushed to mavsdk_logs/drone_log_20250703_111632.csv
[2025-07-03 16:54:38] INFO: CSV data flushed to mavsdk_logs/drone_log_20250703_111632.csv
[2025-07-03 16:54:43] INFO: CSV data flushed to mavsdk_logs/drone_log_20250703_111632.csv
[2025-07-03 16:54:48] INFO: CSV data flushed to mavsdk_logs/drone_log_20250703_111632.csv
[2025-07-03 16:54:53] INFO: CSV data flushed to mavsdk_logs/drone_log_20250703_111632.csv
[2025-07-03 16:54:58] INFO: CSV data flushed to mavsdk_logs/drone_log_20250703_111632.csv
[2025-07-03 16:55:03] INFO: CSV data flushed to mavsdk_logs/drone_log_20250703_111632.csv
[2025-07-03 16:55:08] INFO: CSV data flushed to mavsdk_logs/drone_log_20250703_111632.csv
[2025-07-03 16:55:13] INFO: CSV data flushed to mavsdk_logs/drone_log_20250703_111632.csv
[2025-07-03 16:55:18] INFO: CSV data flushed to mavsdk_logs/drone_log_20250703_111632.csv
[2025-07-03 16:55:23] INFO: CSV data flushed to mavsdk_logs/drone_log_20250703_111632.csv
[2025-07-03 16:55:28] INFO: CSV data flushed to mavsdk_logs/drone_log_20250703_111632.csv
[2025-07-03 16:55:33] INFO: CSV data flushed to mavsdk_logs/drone_log_20250703_111632.csv
[2025-07-03 16:55:38] INFO: CSV data flushed to mavsdk_logs/drone_log_20250703_111632.csv
[2025-07-03 16:55:43] INFO: CSV data flushed to mavsdk_logs/drone_log_20250703_111632.csv
[2025-07-03 16:55:48] INFO: CSV data flushed to mavsdk_logs/drone_log_20250703_111632.csv
[2025-07-03 16:55:53] INFO: CSV data flushed to mavsdk_logs/drone_log_20250703_111632.csv
[2025-07-03 16:55:58] INFO: CSV data flushed to mavsdk_logs/drone_log_20250703_111632.csv
[2025-07-03 16:56:03] INFO: CSV data flushed to mavsdk_logs/drone_log_20250703_111632.csv
[2025-07-03 16:56:08] INFO: CSV data flushed to mavsdk_logs/drone_log_20250703_111632.csv
[2025-07-03 16:56:13] INFO: CSV data flushed to mavsdk_logs/drone_log_20250703_111632.csv
[2025-07-03 16:56:18] INFO: CSV data flushed to mavsdk_logs/drone_log_20250703_111632.csv
[2025-07-03 16:56:23] INFO: CSV data flushed to mavsdk_logs/drone_log_20250703_111632.csv
[2025-07-03 16:56:28] INFO: CSV data flushed to mavsdk_logs/drone_log_20250703_111632.csv
[2025-07-03 16:56:33] INFO: CSV data flushed to mavsdk_logs/drone_log_20250703_111632.csv
[2025-07-03 16:56:38] INFO: CSV data flushed to mavsdk_logs/drone_log_20250703_111632.csv
[2025-07-03 16:56:43] INFO: CSV data flushed to mavsdk_logs/drone_log_20250703_111632.csv
[2025-07-03 16:56:48] INFO: CSV data flushed to mavsdk_logs/drone_log_20250703_111632.csv
[2025-07-03 16:56:53] INFO: CSV data flushed to mavsdk_logs/drone_log_20250703_111632.csv
[2025-07-03 16:56:58] INFO: CSV data flushed to mavsdk_logs/drone_log_20250703_111632.csv
[2025-07-03 16:57:03] INFO: CSV data flushed to mavsdk_logs/drone_log_20250703_111632.csv
[2025-07-03 16:57:08] INFO: CSV data flushed to mavsdk_logs/drone_log_20250703_111632.csv
[2025-07-03 16:57:13] INFO: CSV data flushed to mavsdk_logs/drone_log_20250703_111632.csv
[2025-07-03 16:57:18] INFO: CSV data flushed to mavsdk_logs/drone_log_20250703_111632.csv
[2025-07-03 16:57:23] INFO: CSV data flushed to mavsdk_logs/drone_log_20250703_111632.csv
[2025-07-03 16:57:28] INFO: CSV data flushed to mavsdk_logs/drone_log_20250703_111632.csv
[2025-07-03 16:57:33] INFO: CSV data flushed to mavsdk_logs/drone_log_20250703_111632.csv
[2025-07-03 16:57:38] INFO: CSV data flushed to mavsdk_logs/drone_log_20250703_111632.csv
[2025-07-03 16:57:43] INFO: CSV data flushed to mavsdk_logs/drone_log_20250703_111632.csv
[2025-07-03 16:57:48] INFO: CSV data flushed to mavsdk_logs/drone_log_20250703_111632.csv
[2025-07-03 16:57:53] INFO: CSV data flushed to mavsdk_logs/drone_log_20250703_111632.csv
[2025-07-03 16:57:58] INFO: CSV data flushed to mavsdk_logs/drone_log_20250703_111632.csv
[2025-07-03 16:58:03] INFO: CSV data flushed to mavsdk_logs/drone_log_20250703_111632.csv
[2025-07-03 16:58:08] INFO: CSV data flushed to mavsdk_logs/drone_log_20250703_111632.csv
[2025-07-03 16:58:13] INFO: CSV data flushed to mavsdk_logs/drone_log_20250703_111632.csv
[2025-07-03 16:58:18] INFO: CSV data flushed to mavsdk_logs/drone_log_20250703_111632.csv
[2025-07-03 16:58:23] INFO: CSV data flushed to mavsdk_logs/drone_log_20250703_111632.csv
[2025-07-03 16:58:28] INFO: CSV data flushed to mavsdk_logs/drone_log_20250703_111632.csv
[2025-07-03 16:58:33] INFO: CSV data flushed to mavsdk_logs/drone_log_20250703_111632.csv
[2025-07-03 16:58:38] INFO: CSV data flushed to mavsdk_logs/drone_log_20250703_111632.csv
[2025-07-03 16:58:44] INFO: CSV data flushed to mavsdk_logs/drone_log_20250703_111632.csv
[2025-07-03 16:58:49] INFO: CSV data flushed to mavsdk_logs/drone_log_20250703_111632.csv
[2025-07-03 16:58:54] INFO: CSV data flushed to mavsdk_logs/drone_log_20250703_111632.csv
[2025-07-03 16:58:59] INFO: CSV data flushed to mavsdk_logs/drone_log_20250703_111632.csv
[2025-07-03 16:59:04] INFO: CSV data flushed to mavsdk_logs/drone_log_20250703_111632.csv
[2025-07-03 16:59:09] INFO: CSV data flushed to mavsdk_logs/drone_log_20250703_111632.csv
[2025-07-03 16:59:14] INFO: CSV data flushed to mavsdk_logs/drone_log_20250703_111632.csv
[2025-07-03 16:59:19] INFO: CSV data flushed to mavsdk_logs/drone_log_20250703_111632.csv
[2025-07-03 16:59:24] INFO: CSV data flushed to mavsdk_logs/drone_log_20250703_111632.csv
[2025-07-03 16:59:29] INFO: CSV data flushed to mavsdk_logs/drone_log_20250703_111632.csv
[2025-07-03 16:59:34] INFO: CSV data flushed to mavsdk_logs/drone_log_20250703_111632.csv
[2025-07-03 16:59:39] INFO: CSV data flushed to mavsdk_logs/drone_log_20250703_111632.csv
[2025-07-03 16:59:44] INFO: CSV data flushed to mavsdk_logs/drone_log_20250703_111632.csv
[2025-07-03 16:59:49] INFO: CSV data flushed to mavsdk_logs/drone_log_20250703_111632.csv
[2025-07-03 16:59:54] INFO: CSV data flushed to mavsdk_logs/drone_log_20250703_111632.csv
[2025-07-03 16:59:59] INFO: CSV data flushed to mavsdk_logs/drone_log_20250703_111632.csv
[2025-07-03 17:00:04] INFO: CSV data flushed to mavsdk_logs/drone_log_20250703_111632.csv
[2025-07-03 17:00:09] INFO: CSV data flushed to mavsdk_logs/drone_log_20250703_111632.csv
[2025-07-03 17:00:14] INFO: CSV data flushed to mavsdk_logs/drone_log_20250703_111632.csv
[2025-07-03 17:00:19] INFO: CSV data flushed to mavsdk_logs/drone_log_20250703_111632.csv
[2025-07-03 17:00:24] INFO: CSV data flushed to mavsdk_logs/drone_log_20250703_111632.csv
[2025-07-03 17:00:29] INFO: CSV data flushed to mavsdk_logs/drone_log_20250703_111632.csv
[2025-07-03 17:00:34] INFO: CSV data flushed to mavsdk_logs/drone_log_20250703_111632.csv
[2025-07-03 17:00:39] INFO: CSV data flushed to mavsdk_logs/drone_log_20250703_111632.csv
[2025-07-03 17:00:44] INFO: CSV data flushed to mavsdk_logs/drone_log_20250703_111632.csv
[2025-07-03 17:00:49] INFO: CSV data flushed to mavsdk_logs/drone_log_20250703_111632.csv
[2025-07-03 17:00:54] INFO: CSV data flushed to mavsdk_logs/drone_log_20250703_111632.csv
[2025-07-03 17:00:59] INFO: CSV data flushed to mavsdk_logs/drone_log_20250703_111632.csv
[2025-07-03 17:01:04] INFO: CSV data flushed to mavsdk_logs/drone_log_20250703_111632.csv
[2025-07-03 17:01:09] INFO: CSV data flushed to mavsdk_logs/drone_log_20250703_111632.csv
[2025-07-03 17:01:14] INFO: CSV data flushed to mavsdk_logs/drone_log_20250703_111632.csv
[2025-07-03 17:01:19] INFO: CSV data flushed to mavsdk_logs/drone_log_20250703_111632.csv
[2025-07-03 17:01:24] INFO: CSV data flushed to mavsdk_logs/drone_log_20250703_111632.csv
[2025-07-03 17:01:29] INFO: CSV data flushed to mavsdk_logs/drone_log_20250703_111632.csv
[2025-07-03 17:01:34] INFO: CSV data flushed to mavsdk_logs/drone_log_20250703_111632.csv
[2025-07-03 17:01:39] INFO: CSV data flushed to mavsdk_logs/drone_log_20250703_111632.csv
[2025-07-03 17:01:44] INFO: CSV data flushed to mavsdk_logs/drone_log_20250703_111632.csv
[2025-07-03 17:01:49] INFO: CSV data flushed to mavsdk_logs/drone_log_20250703_111632.csv
[2025-07-03 17:01:54] INFO: CSV data flushed to mavsdk_logs/drone_log_20250703_111632.csv
[2025-07-03 17:01:59] INFO: CSV data flushed to mavsdk_logs/drone_log_20250703_111632.csv
[2025-07-03 17:02:04] INFO: CSV data flushed to mavsdk_logs/drone_log_20250703_111632.csv
[2025-07-03 17:02:09] INFO: CSV data flushed to mavsdk_logs/drone_log_20250703_111632.csv
[2025-07-03 17:02:14] INFO: CSV data flushed to mavsdk_logs/drone_log_20250703_111632.csv
[2025-07-03 17:02:19] INFO: CSV data flushed to mavsdk_logs/drone_log_20250703_111632.csv
[2025-07-03 17:02:24] INFO: CSV data flushed to mavsdk_logs/drone_log_20250703_111632.csv
[2025-07-03 17:02:29] INFO: CSV data flushed to mavsdk_logs/drone_log_20250703_111632.csv
[2025-07-03 17:02:34] INFO: CSV data flushed to mavsdk_logs/drone_log_20250703_111632.csv
[2025-07-03 17:02:39] INFO: CSV data flushed to mavsdk_logs/drone_log_20250703_111632.csv
[2025-07-03 17:02:44] INFO: CSV data flushed to mavsdk_logs/drone_log_20250703_111632.csv
[2025-07-03 17:02:49] INFO: CSV data flushed to mavsdk_logs/drone_log_20250703_111632.csv
[2025-07-03 17:02:54] INFO: CSV data flushed to mavsdk_logs/drone_log_20250703_111632.csv
[2025-07-03 17:02:59] INFO: CSV data flushed to mavsdk_logs/drone_log_20250703_111632.csv
[2025-07-03 17:03:04] INFO: CSV data flushed to mavsdk_logs/drone_log_20250703_111632.csv
[2025-07-03 17:03:09] INFO: CSV data flushed to mavsdk_logs/drone_log_20250703_111632.csv
[2025-07-03 17:03:14] INFO: CSV data flushed to mavsdk_logs/drone_log_20250703_111632.csv
[2025-07-03 17:03:19] INFO: CSV data flushed to mavsdk_logs/drone_log_20250703_111632.csv
[2025-07-03 17:03:24] INFO: CSV data flushed to mavsdk_logs/drone_log_20250703_111632.csv
[2025-07-03 17:03:29] INFO: CSV data flushed to mavsdk_logs/drone_log_20250703_111632.csv
[2025-07-03 17:03:34] INFO: CSV data flushed to mavsdk_logs/drone_log_20250703_111632.csv
[2025-07-03 17:03:39] INFO: CSV data flushed to mavsdk_logs/drone_log_20250703_111632.csv
[2025-07-03 17:03:44] INFO: CSV data flushed to mavsdk_logs/drone_log_20250703_111632.csv
[2025-07-03 17:03:49] INFO: CSV data flushed to mavsdk_logs/drone_log_20250703_111632.csv
[2025-07-03 17:03:54] INFO: CSV data flushed to mavsdk_logs/drone_log_20250703_111632.csv
[2025-07-03 17:03:59] INFO: CSV data flushed to mavsdk_logs/drone_log_20250703_111632.csv
[2025-07-03 17:04:04] INFO: CSV data flushed to mavsdk_logs/drone_log_20250703_111632.csv
[2025-07-03 17:04:09] INFO: CSV data flushed to mavsdk_logs/drone_log_20250703_111632.csv
[2025-07-03 17:04:14] INFO: CSV data flushed to mavsdk_logs/drone_log_20250703_111632.csv
[2025-07-03 17:04:19] INFO: CSV data flushed to mavsdk_logs/drone_log_20250703_111632.csv
[2025-07-03 17:04:24] INFO: CSV data flushed to mavsdk_logs/drone_log_20250703_111632.csv
[2025-07-03 17:04:29] INFO: CSV data flushed to mavsdk_logs/drone_log_20250703_111632.csv
[2025-07-03 17:04:34] INFO: CSV data flushed to mavsdk_logs/drone_log_20250703_111632.csv
[2025-07-03 17:04:39] INFO: CSV data flushed to mavsdk_logs/drone_log_20250703_111632.csv
[2025-07-03 17:04:44] INFO: CSV data flushed to mavsdk_logs/drone_log_20250703_111632.csv
[2025-07-03 17:04:49] INFO: CSV data flushed to mavsdk_logs/drone_log_20250703_111632.csv
[2025-07-03 17:04:54] INFO: CSV data flushed to mavsdk_logs/drone_log_20250703_111632.csv
[2025-07-03 17:04:59] INFO: CSV data flushed to mavsdk_logs/drone_log_20250703_111632.csv
[2025-07-03 17:05:04] INFO: CSV data flushed to mavsdk_logs/drone_log_20250703_111632.csv
[2025-07-03 17:05:09] INFO: CSV data flushed to mavsdk_logs/drone_log_20250703_111632.csv
[2025-07-03 17:05:14] INFO: CSV data flushed to mavsdk_logs/drone_log_20250703_111632.csv
[2025-07-03 17:05:19] INFO: CSV data flushed to mavsdk_logs/drone_log_20250703_111632.csv
[2025-07-03 17:05:24] INFO: CSV data flushed to mavsdk_logs/drone_log_20250703_111632.csv
[2025-07-03 17:05:29] INFO: CSV data flushed to mavsdk_logs/drone_log_20250703_111632.csv
[2025-07-03 17:05:34] INFO: CSV data flushed to mavsdk_logs/drone_log_20250703_111632.csv
[2025-07-03 17:05:39] INFO: CSV data flushed to mavsdk_logs/drone_log_20250703_111632.csv
[2025-07-03 17:05:44] INFO: CSV data flushed to mavsdk_logs/drone_log_20250703_111632.csv
[2025-07-03 17:05:50] INFO: CSV data flushed to mavsdk_logs/drone_log_20250703_111632.csv
[2025-07-03 17:05:55] INFO: CSV data flushed to mavsdk_logs/drone_log_20250703_111632.csv
[2025-07-03 17:06:00] INFO: CSV data flushed to mavsdk_logs/drone_log_20250703_111632.csv
[2025-07-03 17:06:05] INFO: CSV data flushed to mavsdk_logs/drone_log_20250703_111632.csv
[2025-07-03 17:06:10] INFO: CSV data flushed to mavsdk_logs/drone_log_20250703_111632.csv
[2025-07-03 17:06:15] INFO: CSV data flushed to mavsdk_logs/drone_log_20250703_111632.csv
[2025-07-03 17:06:20] INFO: CSV data flushed to mavsdk_logs/drone_log_20250703_111632.csv
[2025-07-03 17:06:25] INFO: CSV data flushed to mavsdk_logs/drone_log_20250703_111632.csv
[2025-07-03 17:06:30] INFO: CSV data flushed to mavsdk_logs/drone_log_20250703_111632.csv
[2025-07-03 17:06:35] INFO: CSV data flushed to mavsdk_logs/drone_log_20250703_111632.csv
[2025-07-03 17:06:40] INFO: CSV data flushed to mavsdk_logs/drone_log_20250703_111632.csv
[2025-07-03 17:06:45] INFO: CSV data flushed to mavsdk_logs/drone_log_20250703_111632.csv
[2025-07-03 17:06:50] INFO: CSV data flushed to mavsdk_logs/drone_log_20250703_111632.csv
[2025-07-03 17:06:55] INFO: CSV data flushed to mavsdk_logs/drone_log_20250703_111632.csv
[2025-07-03 17:07:00] INFO: CSV data flushed to mavsdk_logs/drone_log_20250703_111632.csv
[2025-07-03 17:07:05] INFO: CSV data flushed to mavsdk_logs/drone_log_20250703_111632.csv
[2025-07-03 17:07:10] INFO: CSV data flushed to mavsdk_logs/drone_log_20250703_111632.csv
[2025-07-03 17:07:15] INFO: CSV data flushed to mavsdk_logs/drone_log_20250703_111632.csv
[2025-07-03 17:07:20] INFO: CSV data flushed to mavsdk_logs/drone_log_20250703_111632.csv
[2025-07-03 17:07:25] INFO: CSV data flushed to mavsdk_logs/drone_log_20250703_111632.csv
[2025-07-03 17:07:30] INFO: CSV data flushed to mavsdk_logs/drone_log_20250703_111632.csv
[2025-07-03 17:07:35] INFO: CSV data flushed to mavsdk_logs/drone_log_20250703_111632.csv
[2025-07-03 17:07:40] INFO: CSV data flushed to mavsdk_logs/drone_log_20250703_111632.csv
[2025-07-03 17:07:45] INFO: CSV data flushed to mavsdk_logs/drone_log_20250703_111632.csv
[2025-07-03 17:07:50] INFO: CSV data flushed to mavsdk_logs/drone_log_20250703_111632.csv
[2025-07-03 17:07:55] INFO: CSV data flushed to mavsdk_logs/drone_log_20250703_111632.csv
[2025-07-03 17:08:00] INFO: CSV data flushed to mavsdk_logs/drone_log_20250703_111632.csv
[2025-07-03 17:08:05] INFO: CSV data flushed to mavsdk_logs/drone_log_20250703_111632.csv
[2025-07-03 17:08:10] INFO: CSV data flushed to mavsdk_logs/drone_log_20250703_111632.csv
[2025-07-03 17:08:15] INFO: CSV data flushed to mavsdk_logs/drone_log_20250703_111632.csv
[2025-07-03 17:08:20] INFO: CSV data flushed to mavsdk_logs/drone_log_20250703_111632.csv
[2025-07-03 17:08:25] INFO: CSV data flushed to mavsdk_logs/drone_log_20250703_111632.csv
[2025-07-03 17:08:30] INFO: CSV data flushed to mavsdk_logs/drone_log_20250703_111632.csv
[2025-07-03 17:08:35] INFO: CSV data flushed to mavsdk_logs/drone_log_20250703_111632.csv
[2025-07-03 17:08:40] INFO: CSV data flushed to mavsdk_logs/drone_log_20250703_111632.csv
[2025-07-03 17:08:45] INFO: CSV data flushed to mavsdk_logs/drone_log_20250703_111632.csv
[2025-07-03 17:08:50] INFO: CSV data flushed to mavsdk_logs/drone_log_20250703_111632.csv
[2025-07-03 17:08:55] INFO: CSV data flushed to mavsdk_logs/drone_log_20250703_111632.csv
[2025-07-03 17:09:00] INFO: CSV data flushed to mavsdk_logs/drone_log_20250703_111632.csv
[2025-07-03 17:09:05] INFO: CSV data flushed to mavsdk_logs/drone_log_20250703_111632.csv
[2025-07-03 17:09:10] INFO: CSV data flushed to mavsdk_logs/drone_log_20250703_111632.csv
[2025-07-03 17:09:15] INFO: CSV data flushed to mavsdk_logs/drone_log_20250703_111632.csv
[2025-07-03 17:09:20] INFO: CSV data flushed to mavsdk_logs/drone_log_20250703_111632.csv
[2025-07-03 17:09:25] INFO: CSV data flushed to mavsdk_logs/drone_log_20250703_111632.csv
[2025-07-03 17:09:30] INFO: CSV data flushed to mavsdk_logs/drone_log_20250703_111632.csv
[2025-07-03 17:09:35] INFO: CSV data flushed to mavsdk_logs/drone_log_20250703_111632.csv
[2025-07-03 17:09:40] INFO: CSV data flushed to mavsdk_logs/drone_log_20250703_111632.csv
[2025-07-03 17:09:45] INFO: CSV data flushed to mavsdk_logs/drone_log_20250703_111632.csv
[2025-07-03 17:09:50] INFO: CSV data flushed to mavsdk_logs/drone_log_20250703_111632.csv
[2025-07-03 17:09:55] INFO: CSV data flushed to mavsdk_logs/drone_log_20250703_111632.csv
[2025-07-03 17:10:00] INFO: CSV data flushed to mavsdk_logs/drone_log_20250703_111632.csv
[2025-07-03 17:10:05] INFO: CSV data flushed to mavsdk_logs/drone_log_20250703_111632.csv
[2025-07-03 17:10:10] INFO: CSV data flushed to mavsdk_logs/drone_log_20250703_111632.csv
[2025-07-03 17:10:15] INFO: CSV data flushed to mavsdk_logs/drone_log_20250703_111632.csv
[2025-07-03 17:10:20] INFO: CSV data flushed to mavsdk_logs/drone_log_20250703_111632.csv
[2025-07-03 17:10:25] INFO: CSV data flushed to mavsdk_logs/drone_log_20250703_111632.csv
[2025-07-03 17:10:30] INFO: CSV data flushed to mavsdk_logs/drone_log_20250703_111632.csv
[2025-07-03 17:10:35] INFO: CSV data flushed to mavsdk_logs/drone_log_20250703_111632.csv
[2025-07-03 17:10:40] INFO: CSV data flushed to mavsdk_logs/drone_log_20250703_111632.csv
[2025-07-03 17:10:45] INFO: CSV data flushed to mavsdk_logs/drone_log_20250703_111632.csv
[2025-07-03 17:10:50] INFO: CSV data flushed to mavsdk_logs/drone_log_20250703_111632.csv
[2025-07-03 17:10:55] INFO: CSV data flushed to mavsdk_logs/drone_log_20250703_111632.csv
[2025-07-03 17:11:00] INFO: CSV data flushed to mavsdk_logs/drone_log_20250703_111632.csv
[2025-07-03 17:11:05] INFO: CSV data flushed to mavsdk_logs/drone_log_20250703_111632.csv
[2025-07-03 17:11:10] INFO: CSV data flushed to mavsdk_logs/drone_log_20250703_111632.csv
[2025-07-03 17:11:15] INFO: CSV data flushed to mavsdk_logs/drone_log_20250703_111632.csv
[2025-07-03 17:11:20] INFO: CSV data flushed to mavsdk_logs/drone_log_20250703_111632.csv
[2025-07-03 17:11:25] INFO: CSV data flushed to mavsdk_logs/drone_log_20250703_111632.csv
[2025-07-03 17:11:30] INFO: CSV data flushed to mavsdk_logs/drone_log_20250703_111632.csv
[2025-07-03 17:11:35] INFO: CSV data flushed to mavsdk_logs/drone_log_20250703_111632.csv
[2025-07-03 17:11:40] INFO: CSV data flushed to mavsdk_logs/drone_log_20250703_111632.csv
[2025-07-03 17:11:45] INFO: CSV data flushed to mavsdk_logs/drone_log_20250703_111632.csv
[2025-07-03 17:11:50] INFO: CSV data flushed to mavsdk_logs/drone_log_20250703_111632.csv
[2025-07-03 17:11:55] INFO: CSV data flushed to mavsdk_logs/drone_log_20250703_111632.csv
[2025-07-03 17:12:00] INFO: CSV data flushed to mavsdk_logs/drone_log_20250703_111632.csv
[2025-07-03 17:12:05] INFO: CSV data flushed to mavsdk_logs/drone_log_20250703_111632.csv
[2025-07-03 17:12:10] INFO: CSV data flushed to mavsdk_logs/drone_log_20250703_111632.csv
[2025-07-03 17:12:15] INFO: CSV data flushed to mavsdk_logs/drone_log_20250703_111632.csv
[2025-07-03 17:12:20] INFO: CSV data flushed to mavsdk_logs/drone_log_20250703_111632.csv
[2025-07-03 17:12:25] INFO: CSV data flushed to mavsdk_logs/drone_log_20250703_111632.csv
[2025-07-03 17:12:30] INFO: CSV data flushed to mavsdk_logs/drone_log_20250703_111632.csv
[2025-07-03 17:12:35] INFO: CSV data flushed to mavsdk_logs/drone_log_20250703_111632.csv
[2025-07-03 17:12:40] INFO: CSV data flushed to mavsdk_logs/drone_log_20250703_111632.csv
[2025-07-03 17:12:45] INFO: CSV data flushed to mavsdk_logs/drone_log_20250703_111632.csv
[2025-07-03 17:12:50] INFO: CSV data flushed to mavsdk_logs/drone_log_20250703_111632.csv
[2025-07-03 17:12:55] INFO: CSV data flushed to mavsdk_logs/drone_log_20250703_111632.csv
[2025-07-03 17:13:00] INFO: CSV data flushed to mavsdk_logs/drone_log_20250703_111632.csv
[2025-07-03 17:13:05] INFO: CSV data flushed to mavsdk_logs/drone_log_20250703_111632.csv
[2025-07-03 17:13:10] INFO: CSV data flushed to mavsdk_logs/drone_log_20250703_111632.csv
[2025-07-03 17:13:15] INFO: CSV data flushed to mavsdk_logs/drone_log_20250703_111632.csv
[2025-07-03 17:13:20] INFO: CSV data flushed to mavsdk_logs/drone_log_20250703_111632.csv
[2025-07-03 17:13:25] INFO: CSV data flushed to mavsdk_logs/drone_log_20250703_111632.csv
[2025-07-03 17:13:30] INFO: CSV data flushed to mavsdk_logs/drone_log_20250703_111632.csv
[2025-07-03 17:13:35] INFO: CSV data flushed to mavsdk_logs/drone_log_20250703_111632.csv
[2025-07-03 17:13:40] INFO: CSV data flushed to mavsdk_logs/drone_log_20250703_111632.csv
[2025-07-03 17:13:45] INFO: CSV data flushed to mavsdk_logs/drone_log_20250703_111632.csv
[2025-07-03 17:13:50] INFO: CSV data flushed to mavsdk_logs/drone_log_20250703_111632.csv
[2025-07-03 17:13:55] INFO: CSV data flushed to mavsdk_logs/drone_log_20250703_111632.csv
[2025-07-03 17:14:00] INFO: CSV data flushed to mavsdk_logs/drone_log_20250703_111632.csv
[2025-07-03 17:14:05] INFO: CSV data flushed to mavsdk_logs/drone_log_20250703_111632.csv
[2025-07-03 17:14:10] INFO: CSV data flushed to mavsdk_logs/drone_log_20250703_111632.csv
[2025-07-03 17:14:15] INFO: CSV data flushed to mavsdk_logs/drone_log_20250703_111632.csv
[2025-07-03 17:14:20] INFO: CSV data flushed to mavsdk_logs/drone_log_20250703_111632.csv
[2025-07-03 17:14:25] INFO: CSV data flushed to mavsdk_logs/drone_log_20250703_111632.csv
[2025-07-03 17:14:30] INFO: CSV data flushed to mavsdk_logs/drone_log_20250703_111632.csv
[2025-07-03 17:14:35] INFO: CSV data flushed to mavsdk_logs/drone_log_20250703_111632.csv
[2025-07-03 17:14:40] INFO: CSV data flushed to mavsdk_logs/drone_log_20250703_111632.csv
[2025-07-03 17:14:45] INFO: CSV data flushed to mavsdk_logs/drone_log_20250703_111632.csv
[2025-07-03 17:14:50] INFO: CSV data flushed to mavsdk_logs/drone_log_20250703_111632.csv
[2025-07-03 17:14:55] INFO: CSV data flushed to mavsdk_logs/drone_log_20250703_111632.csv
[2025-07-03 17:15:00] INFO: CSV data flushed to mavsdk_logs/drone_log_20250703_111632.csv
[2025-07-03 17:15:05] INFO: CSV data flushed to mavsdk_logs/drone_log_20250703_111632.csv
[2025-07-03 17:15:10] INFO: CSV data flushed to mavsdk_logs/drone_log_20250703_111632.csv
[2025-07-03 17:15:15] INFO: CSV data flushed to mavsdk_logs/drone_log_20250703_111632.csv
[2025-07-03 17:15:20] INFO: CSV data flushed to mavsdk_logs/drone_log_20250703_111632.csv
[2025-07-03 17:15:25] INFO: CSV data flushed to mavsdk_logs/drone_log_20250703_111632.csv
[2025-07-03 17:15:30] INFO: CSV data flushed to mavsdk_logs/drone_log_20250703_111632.csv
[2025-07-03 17:15:35] INFO: CSV data flushed to mavsdk_logs/drone_log_20250703_111632.csv
[2025-07-03 17:15:40] INFO: CSV data flushed to mavsdk_logs/drone_log_20250703_111632.csv
[2025-07-03 17:15:45] INFO: CSV data flushed to mavsdk_logs/drone_log_20250703_111632.csv
[2025-07-03 17:15:50] INFO: CSV data flushed to mavsdk_logs/drone_log_20250703_111632.csv
[2025-07-03 17:15:55] INFO: CSV data flushed to mavsdk_logs/drone_log_20250703_111632.csv
[2025-07-03 17:16:00] INFO: CSV data flushed to mavsdk_logs/drone_log_20250703_111632.csv
[2025-07-03 17:16:05] INFO: CSV data flushed to mavsdk_logs/drone_log_20250703_111632.csv
[2025-07-03 17:16:10] INFO: CSV data flushed to mavsdk_logs/drone_log_20250703_111632.csv
[2025-07-03 17:16:15] INFO: CSV data flushed to mavsdk_logs/drone_log_20250703_111632.csv
[2025-07-03 17:16:20] INFO: CSV data flushed to mavsdk_logs/drone_log_20250703_111632.csv
[2025-07-03 17:16:25] INFO: CSV data flushed to mavsdk_logs/drone_log_20250703_111632.csv
[2025-07-03 17:16:30] INFO: CSV data flushed to mavsdk_logs/drone_log_20250703_111632.csv
[2025-07-03 17:16:35] INFO: CSV data flushed to mavsdk_logs/drone_log_20250703_111632.csv
[2025-07-03 17:16:40] INFO: CSV data flushed to mavsdk_logs/drone_log_20250703_111632.csv
[2025-07-03 17:16:45] INFO: CSV data flushed to mavsdk_logs/drone_log_20250703_111632.csv
[2025-07-03 17:16:50] INFO: CSV data flushed to mavsdk_logs/drone_log_20250703_111632.csv
[2025-07-03 17:16:55] INFO: CSV data flushed to mavsdk_logs/drone_log_20250703_111632.csv
[2025-07-03 17:17:00] INFO: CSV data flushed to mavsdk_logs/drone_log_20250703_111632.csv
[2025-07-03 17:17:05] INFO: CSV data flushed to mavsdk_logs/drone_log_20250703_111632.csv
[2025-07-03 17:17:10] INFO: CSV data flushed to mavsdk_logs/drone_log_20250703_111632.csv
[2025-07-03 17:17:15] INFO: CSV data flushed to mavsdk_logs/drone_log_20250703_111632.csv
[2025-07-03 17:17:20] INFO: CSV data flushed to mavsdk_logs/drone_log_20250703_111632.csv
[2025-07-03 17:17:25] INFO: CSV data flushed to mavsdk_logs/drone_log_20250703_111632.csv
[2025-07-03 17:17:30] INFO: CSV data flushed to mavsdk_logs/drone_log_20250703_111632.csv
[2025-07-03 17:17:35] INFO: CSV data flushed to mavsdk_logs/drone_log_20250703_111632.csv
[2025-07-03 17:17:40] INFO: CSV data flushed to mavsdk_logs/drone_log_20250703_111632.csv
[2025-07-03 17:17:45] INFO: CSV data flushed to mavsdk_logs/drone_log_20250703_111632.csv
[2025-07-03 17:17:50] INFO: CSV data flushed to mavsdk_logs/drone_log_20250703_111632.csv
[2025-07-03 17:17:55] INFO: CSV data flushed to mavsdk_logs/drone_log_20250703_111632.csv
[2025-07-03 17:18:00] INFO: CSV data flushed to mavsdk_logs/drone_log_20250703_111632.csv
[2025-07-03 17:18:05] INFO: CSV data flushed to mavsdk_logs/drone_log_20250703_111632.csv
[2025-07-03 17:18:10] INFO: CSV data flushed to mavsdk_logs/drone_log_20250703_111632.csv
[2025-07-03 17:18:15] INFO: CSV data flushed to mavsdk_logs/drone_log_20250703_111632.csv
[2025-07-03 17:18:20] INFO: CSV data flushed to mavsdk_logs/drone_log_20250703_111632.csv
[2025-07-03 17:18:25] INFO: CSV data flushed to mavsdk_logs/drone_log_20250703_111632.csv
[2025-07-03 17:18:31] INFO: CSV data flushed to mavsdk_logs/drone_log_20250703_111632.csv
[2025-07-03 17:18:36] INFO: CSV data flushed to mavsdk_logs/drone_log_20250703_111632.csv
[2025-07-03 17:18:41] INFO: CSV data flushed to mavsdk_logs/drone_log_20250703_111632.csv
[2025-07-03 17:18:46] INFO: CSV data flushed to mavsdk_logs/drone_log_20250703_111632.csv
[2025-07-03 17:18:51] INFO: CSV data flushed to mavsdk_logs/drone_log_20250703_111632.csv
[2025-07-03 17:18:56] INFO: CSV data flushed to mavsdk_logs/drone_log_20250703_111632.csv
[2025-07-03 17:19:01] INFO: CSV data flushed to mavsdk_logs/drone_log_20250703_111632.csv
[2025-07-03 17:19:06] INFO: CSV data flushed to mavsdk_logs/drone_log_20250703_111632.csv
[2025-07-03 17:19:11] INFO: CSV data flushed to mavsdk_logs/drone_log_20250703_111632.csv
[2025-07-03 17:19:16] INFO: CSV data flushed to mavsdk_logs/drone_log_20250703_111632.csv
[2025-07-03 17:19:21] INFO: CSV data flushed to mavsdk_logs/drone_log_20250703_111632.csv
[2025-07-03 17:19:26] INFO: CSV data flushed to mavsdk_logs/drone_log_20250703_111632.csv
[2025-07-03 17:19:31] INFO: CSV data flushed to mavsdk_logs/drone_log_20250703_111632.csv
[2025-07-03 17:19:36] INFO: CSV data flushed to mavsdk_logs/drone_log_20250703_111632.csv
[2025-07-03 17:19:41] INFO: CSV data flushed to mavsdk_logs/drone_log_20250703_111632.csv
[2025-07-03 17:19:46] INFO: CSV data flushed to mavsdk_logs/drone_log_20250703_111632.csv
[2025-07-03 17:19:51] INFO: CSV data flushed to mavsdk_logs/drone_log_20250703_111632.csv
[2025-07-03 17:19:56] INFO: CSV data flushed to mavsdk_logs/drone_log_20250703_111632.csv
[2025-07-03 17:20:01] INFO: CSV data flushed to mavsdk_logs/drone_log_20250703_111632.csv
[2025-07-03 17:20:06] INFO: CSV data flushed to mavsdk_logs/drone_log_20250703_111632.csv
[2025-07-03 17:20:11] INFO: CSV data flushed to mavsdk_logs/drone_log_20250703_111632.csv
[2025-07-03 17:20:16] INFO: CSV data flushed to mavsdk_logs/drone_log_20250703_111632.csv
[2025-07-03 17:20:21] INFO: CSV data flushed to mavsdk_logs/drone_log_20250703_111632.csv
[2025-07-03 17:20:26] INFO: CSV data flushed to mavsdk_logs/drone_log_20250703_111632.csv
[2025-07-03 17:20:31] INFO: CSV data flushed to mavsdk_logs/drone_log_20250703_111632.csv
[2025-07-03 17:20:36] INFO: CSV data flushed to mavsdk_logs/drone_log_20250703_111632.csv
[2025-07-03 17:20:41] INFO: CSV data flushed to mavsdk_logs/drone_log_20250703_111632.csv
[2025-07-03 17:20:46] INFO: CSV data flushed to mavsdk_logs/drone_log_20250703_111632.csv
[2025-07-03 17:20:51] INFO: CSV data flushed to mavsdk_logs/drone_log_20250703_111632.csv
[2025-07-03 17:20:56] INFO: CSV data flushed to mavsdk_logs/drone_log_20250703_111632.csv
[2025-07-03 17:21:01] INFO: CSV data flushed to mavsdk_logs/drone_log_20250703_111632.csv
[2025-07-03 17:21:06] INFO: CSV data flushed to mavsdk_logs/drone_log_20250703_111632.csv
[2025-07-03 17:21:11] INFO: CSV data flushed to mavsdk_logs/drone_log_20250703_111632.csv
[2025-07-03 17:21:16] INFO: CSV data flushed to mavsdk_logs/drone_log_20250703_111632.csv
[2025-07-03 17:21:21] INFO: CSV data flushed to mavsdk_logs/drone_log_20250703_111632.csv
[2025-07-03 17:21:26] INFO: CSV data flushed to mavsdk_logs/drone_log_20250703_111632.csv
[2025-07-03 17:21:31] INFO: CSV data flushed to mavsdk_logs/drone_log_20250703_111632.csv
[2025-07-03 17:21:36] INFO: CSV data flushed to mavsdk_logs/drone_log_20250703_111632.csv
[2025-07-03 17:21:41] INFO: CSV data flushed to mavsdk_logs/drone_log_20250703_111632.csv
[2025-07-03 17:21:46] INFO: CSV data flushed to mavsdk_logs/drone_log_20250703_111632.csv
[2025-07-03 17:21:51] INFO: CSV data flushed to mavsdk_logs/drone_log_20250703_111632.csv
[2025-07-03 17:21:56] INFO: CSV data flushed to mavsdk_logs/drone_log_20250703_111632.csv
[2025-07-03 17:22:01] INFO: CSV data flushed to mavsdk_logs/drone_log_20250703_111632.csv
[2025-07-03 17:22:06] INFO: CSV data flushed to mavsdk_logs/drone_log_20250703_111632.csv
[2025-07-03 17:22:11] INFO: CSV data flushed to mavsdk_logs/drone_log_20250703_111632.csv
[2025-07-03 17:22:16] INFO: CSV data flushed to mavsdk_logs/drone_log_20250703_111632.csv
[2025-07-03 17:22:21] INFO: CSV data flushed to mavsdk_logs/drone_log_20250703_111632.csv
[2025-07-03 17:22:26] INFO: CSV data flushed to mavsdk_logs/drone_log_20250703_111632.csv
[2025-07-03 17:22:31] INFO: CSV data flushed to mavsdk_logs/drone_log_20250703_111632.csv
[2025-07-03 17:22:36] INFO: CSV data flushed to mavsdk_logs/drone_log_20250703_111632.csv
[2025-07-03 17:22:41] INFO: CSV data flushed to mavsdk_logs/drone_log_20250703_111632.csv
[2025-07-03 17:22:46] INFO: CSV data flushed to mavsdk_logs/drone_log_20250703_111632.csv
[2025-07-03 17:22:51] INFO: CSV data flushed to mavsdk_logs/drone_log_20250703_111632.csv
[2025-07-03 17:22:51] INFO: Client connected from ('127.0.0.1', 39336)
[2025-07-03 17:22:56] INFO: CSV data flushed to mavsdk_logs/drone_log_20250703_111632.csv
[2025-07-03 17:23:01] INFO: CSV data flushed to mavsdk_logs/drone_log_20250703_111632.csv
[2025-07-03 17:23:06] INFO: CSV data flushed to mavsdk_logs/drone_log_20250703_111632.csv
[2025-07-03 17:23:11] INFO: CSV data flushed to mavsdk_logs/drone_log_20250703_111632.csv
[2025-07-03 17:23:16] INFO: CSV data flushed to mavsdk_logs/drone_log_20250703_111632.csv
[2025-07-03 17:23:21] INFO: CSV data flushed to mavsdk_logs/drone_log_20250703_111632.csv
[2025-07-03 17:23:26] INFO: CSV data flushed to mavsdk_logs/drone_log_20250703_111632.csv
[2025-07-03 17:23:31] INFO: CSV data flushed to mavsdk_logs/drone_log_20250703_111632.csv
[2025-07-03 17:23:36] INFO: CSV data flushed to mavsdk_logs/drone_log_20250703_111632.csv
[2025-07-03 17:23:41] INFO: CSV data flushed to mavsdk_logs/drone_log_20250703_111632.csv
[2025-07-03 17:23:46] INFO: CSV data flushed to mavsdk_logs/drone_log_20250703_111632.csv
[2025-07-03 17:23:51] INFO: CSV data flushed to mavsdk_logs/drone_log_20250703_111632.csv
[2025-07-03 17:23:56] INFO: CSV data flushed to mavsdk_logs/drone_log_20250703_111632.csv
[2025-07-03 17:24:01] INFO: CSV data flushed to mavsdk_logs/drone_log_20250703_111632.csv
[2025-07-03 17:24:06] INFO: CSV data flushed to mavsdk_logs/drone_log_20250703_111632.csv
[2025-07-03 17:24:11] INFO: CSV data flushed to mavsdk_logs/drone_log_20250703_111632.csv
[2025-07-03 17:24:16] INFO: CSV data flushed to mavsdk_logs/drone_log_20250703_111632.csv
[2025-07-03 17:24:21] INFO: CSV data flushed to mavsdk_logs/drone_log_20250703_111632.csv
[2025-07-03 17:24:26] INFO: CSV data flushed to mavsdk_logs/drone_log_20250703_111632.csv
[2025-07-03 17:24:31] INFO: CSV data flushed to mavsdk_logs/drone_log_20250703_111632.csv
[2025-07-03 17:24:36] INFO: CSV data flushed to mavsdk_logs/drone_log_20250703_111632.csv
[2025-07-03 17:24:41] INFO: CSV data flushed to mavsdk_logs/drone_log_20250703_111632.csv
[2025-07-03 17:24:46] INFO: CSV data flushed to mavsdk_logs/drone_log_20250703_111632.csv
[2025-07-03 17:24:51] INFO: CSV data flushed to mavsdk_logs/drone_log_20250703_111632.csv
[2025-07-03 17:24:56] INFO: CSV data flushed to mavsdk_logs/drone_log_20250703_111632.csv
[2025-07-03 17:25:01] INFO: CSV data flushed to mavsdk_logs/drone_log_20250703_111632.csv
[2025-07-03 17:25:06] INFO: CSV data flushed to mavsdk_logs/drone_log_20250703_111632.csv
[2025-07-03 17:25:11] INFO: CSV data flushed to mavsdk_logs/drone_log_20250703_111632.csv
[2025-07-03 17:25:16] INFO: CSV data flushed to mavsdk_logs/drone_log_20250703_111632.csv
[2025-07-03 17:25:21] INFO: CSV data flushed to mavsdk_logs/drone_log_20250703_111632.csv
[2025-07-03 17:25:26] INFO: CSV data flushed to mavsdk_logs/drone_log_20250703_111632.csv
[2025-07-03 17:25:31] INFO: CSV data flushed to mavsdk_logs/drone_log_20250703_111632.csv
[2025-07-03 17:25:36] INFO: CSV data flushed to mavsdk_logs/drone_log_20250703_111632.csv
[2025-07-03 17:25:41] INFO: CSV data flushed to mavsdk_logs/drone_log_20250703_111632.csv
[2025-07-03 17:25:46] INFO: CSV data flushed to mavsdk_logs/drone_log_20250703_111632.csv
[2025-07-03 17:25:51] INFO: CSV data flushed to mavsdk_logs/drone_log_20250703_111632.csv
[2025-07-03 17:25:56] INFO: CSV data flushed to mavsdk_logs/drone_log_20250703_111632.csv
[2025-07-03 17:26:00] INFO: Shutdown signal received...
[2025-07-03 17:29:25] INFO: Starting MAVSDK logger...
[2025-07-03 17:29:25] INFO: Table weather_logs created or exists
[2025-07-03 17:29:25] INFO: WeatherMySQLLogger connection closed
[2025-07-03 17:29:25] INFO: Table flight_20250703_115925 created or exists
[2025-07-03 17:29:25] INFO: MySQLLogger connection closed
[2025-07-03 17:29:31] INFO: Logging options: sql=False, csv=True, tcp=True
[2025-07-03 17:29:31] INFO: Initializing TCP server...
[2025-07-03 17:29:31] INFO: Port 9001 is available
[2025-07-03 17:29:31] INFO: TCP Server started on port 9001
[2025-07-03 17:29:31] INFO: Updated config.json with TCP port 9001
[2025-07-03 17:29:31] INFO: Connecting to drone...
[2025-07-03 17:29:31] INFO: Waiting for drone to connect...
[2025-07-03 17:29:31] INFO: Drone connected!
[2025-07-03 17:29:31] INFO: CSV logger initialized for mavsdk_logs/drone_log_20250703_115925.csv
[2025-07-03 17:29:31] INFO: Logging started. Press Ctrl+C to stop.
[2025-07-03 17:29:31] INFO: CSV data flushed to mavsdk_logs/drone_log_20250703_115925.csv
[2025-07-03 17:29:36] INFO: CSV data flushed to mavsdk_logs/drone_log_20250703_115925.csv
[2025-07-03 17:29:41] INFO: CSV data flushed to mavsdk_logs/drone_log_20250703_115925.csv
[2025-07-03 17:29:46] INFO: CSV data flushed to mavsdk_logs/drone_log_20250703_115925.csv
[2025-07-03 17:29:51] INFO: CSV data flushed to mavsdk_logs/drone_log_20250703_115925.csv
[2025-07-03 17:29:56] INFO: CSV data flushed to mavsdk_logs/drone_log_20250703_115925.csv
[2025-07-03 17:30:01] INFO: CSV data flushed to mavsdk_logs/drone_log_20250703_115925.csv
[2025-07-03 17:30:06] INFO: CSV data flushed to mavsdk_logs/drone_log_20250703_115925.csv
[2025-07-03 17:30:10] INFO: Client connected from ('127.0.0.1', 49174)
[2025-07-03 17:30:11] INFO: CSV data flushed to mavsdk_logs/drone_log_20250703_115925.csv
[2025-07-03 17:30:16] INFO: CSV data flushed to mavsdk_logs/drone_log_20250703_115925.csv
[2025-07-03 17:30:21] INFO: CSV data flushed to mavsdk_logs/drone_log_20250703_115925.csv
[2025-07-03 17:30:26] INFO: CSV data flushed to mavsdk_logs/drone_log_20250703_115925.csv
[2025-07-03 17:30:31] INFO: CSV data flushed to mavsdk_logs/drone_log_20250703_115925.csv
[2025-07-03 17:30:36] INFO: CSV data flushed to mavsdk_logs/drone_log_20250703_115925.csv
[2025-07-03 17:30:41] INFO: CSV data flushed to mavsdk_logs/drone_log_20250703_115925.csv
[2025-07-03 17:30:46] INFO: CSV data flushed to mavsdk_logs/drone_log_20250703_115925.csv
[2025-07-03 17:30:51] INFO: CSV data flushed to mavsdk_logs/drone_log_20250703_115925.csv
[2025-07-03 17:30:56] INFO: CSV data flushed to mavsdk_logs/drone_log_20250703_115925.csv
[2025-07-03 17:31:01] INFO: CSV data flushed to mavsdk_logs/drone_log_20250703_115925.csv
[2025-07-03 17:31:06] INFO: CSV data flushed to mavsdk_logs/drone_log_20250703_115925.csv
[2025-07-03 17:31:11] INFO: CSV data flushed to mavsdk_logs/drone_log_20250703_115925.csv
[2025-07-03 17:31:16] INFO: CSV data flushed to mavsdk_logs/drone_log_20250703_115925.csv
[2025-07-03 17:31:21] INFO: CSV data flushed to mavsdk_logs/drone_log_20250703_115925.csv
[2025-07-03 17:31:26] INFO: CSV data flushed to mavsdk_logs/drone_log_20250703_115925.csv
[2025-07-03 17:31:31] INFO: CSV data flushed to mavsdk_logs/drone_log_20250703_115925.csv
[2025-07-03 17:31:36] INFO: CSV data flushed to mavsdk_logs/drone_log_20250703_115925.csv
[2025-07-03 17:31:41] INFO: CSV data flushed to mavsdk_logs/drone_log_20250703_115925.csv
[2025-07-03 17:31:46] INFO: CSV data flushed to mavsdk_logs/drone_log_20250703_115925.csv
[2025-07-03 17:31:51] INFO: CSV data flushed to mavsdk_logs/drone_log_20250703_115925.csv
[2025-07-03 17:31:56] INFO: CSV data flushed to mavsdk_logs/drone_log_20250703_115925.csv
[2025-07-03 17:32:01] INFO: CSV data flushed to mavsdk_logs/drone_log_20250703_115925.csv
[2025-07-03 17:32:06] INFO: CSV data flushed to mavsdk_logs/drone_log_20250703_115925.csv
[2025-07-03 17:32:18] INFO: Starting MAVSDK logger...
[2025-07-03 17:32:18] INFO: Table weather_logs created or exists
[2025-07-03 17:32:18] INFO: WeatherMySQLLogger connection closed
[2025-07-03 17:32:18] INFO: Table flight_20250703_120218 created or exists
[2025-07-03 17:32:18] INFO: MySQLLogger connection closed
[2025-07-03 17:32:22] INFO: Logging options: sql=False, csv=True, tcp=True
[2025-07-03 17:32:22] INFO: Initializing TCP server...
[2025-07-03 17:32:22] INFO: Port 9001 is available
[2025-07-03 17:32:22] INFO: TCP Server started on port 9001
[2025-07-03 17:32:22] INFO: Updated config.json with TCP port 9001
[2025-07-03 17:32:22] INFO: Connecting to drone...
[2025-07-03 17:32:22] INFO: Waiting for drone to connect...
[2025-07-03 17:32:22] INFO: Drone connected!
[2025-07-03 17:32:22] INFO: CSV logger initialized for mavsdk_logs/drone_log_20250703_120218.csv
[2025-07-03 17:32:22] INFO: Logging started. Press Ctrl+C to stop.
[2025-07-03 17:32:22] INFO: CSV data flushed to mavsdk_logs/drone_log_20250703_120218.csv
[2025-07-03 17:32:27] INFO: CSV data flushed to mavsdk_logs/drone_log_20250703_120218.csv
[2025-07-03 17:32:32] INFO: CSV data flushed to mavsdk_logs/drone_log_20250703_120218.csv
[2025-07-03 17:32:37] INFO: CSV data flushed to mavsdk_logs/drone_log_20250703_120218.csv
[2025-07-03 17:32:42] INFO: CSV data flushed to mavsdk_logs/drone_log_20250703_120218.csv
[2025-07-03 17:32:47] INFO: CSV data flushed to mavsdk_logs/drone_log_20250703_120218.csv
[2025-07-03 17:32:52] INFO: CSV data flushed to mavsdk_logs/drone_log_20250703_120218.csv
[2025-07-03 17:32:57] INFO: CSV data flushed to mavsdk_logs/drone_log_20250703_120218.csv
[2025-07-03 17:33:02] INFO: CSV data flushed to mavsdk_logs/drone_log_20250703_120218.csv
[2025-07-03 17:33:07] INFO: CSV data flushed to mavsdk_logs/drone_log_20250703_120218.csv
[2025-07-03 17:33:12] INFO: CSV data flushed to mavsdk_logs/drone_log_20250703_120218.csv
[2025-07-03 17:33:17] INFO: CSV data flushed to mavsdk_logs/drone_log_20250703_120218.csv
[2025-07-03 17:33:22] INFO: CSV data flushed to mavsdk_logs/drone_log_20250703_120218.csv
[2025-07-03 17:33:27] INFO: CSV data flushed to mavsdk_logs/drone_log_20250703_120218.csv
[2025-07-03 17:33:32] INFO: CSV data flushed to mavsdk_logs/drone_log_20250703_120218.csv
[2025-07-03 17:33:37] INFO: CSV data flushed to mavsdk_logs/drone_log_20250703_120218.csv
[2025-07-03 17:33:42] INFO: CSV data flushed to mavsdk_logs/drone_log_20250703_120218.csv
[2025-07-03 17:33:47] INFO: CSV data flushed to mavsdk_logs/drone_log_20250703_120218.csv
[2025-07-03 17:33:52] INFO: CSV data flushed to mavsdk_logs/drone_log_20250703_120218.csv
[2025-07-03 17:33:57] INFO: CSV data flushed to mavsdk_logs/drone_log_20250703_120218.csv
[2025-07-03 17:34:02] INFO: CSV data flushed to mavsdk_logs/drone_log_20250703_120218.csv
[2025-07-03 17:34:07] INFO: CSV data flushed to mavsdk_logs/drone_log_20250703_120218.csv
[2025-07-03 17:34:12] INFO: CSV data flushed to mavsdk_logs/drone_log_20250703_120218.csv
[2025-07-03 17:34:17] INFO: CSV data flushed to mavsdk_logs/drone_log_20250703_120218.csv
[2025-07-03 17:34:22] INFO: CSV data flushed to mavsdk_logs/drone_log_20250703_120218.csv
[2025-07-03 17:34:27] INFO: CSV data flushed to mavsdk_logs/drone_log_20250703_120218.csv
[2025-07-03 17:34:32] INFO: CSV data flushed to mavsdk_logs/drone_log_20250703_120218.csv
[2025-07-03 17:40:40] INFO: CSV data flushed to mavsdk_logs/drone_log_20250703_120218.csv
[2025-07-03 17:40:40] INFO: Drone disconnected!
[2025-07-03 17:40:45] INFO: CSV data flushed to mavsdk_logs/drone_log_20250703_120218.csv
[2025-07-03 17:40:50] INFO: CSV data flushed to mavsdk_logs/drone_log_20250703_120218.csv
[2025-07-03 17:40:55] INFO: CSV data flushed to mavsdk_logs/drone_log_20250703_120218.csv
[2025-07-03 17:41:00] INFO: CSV data flushed to mavsdk_logs/drone_log_20250703_120218.csv
[2025-07-03 17:41:05] INFO: CSV data flushed to mavsdk_logs/drone_log_20250703_120218.csv
[2025-07-03 17:41:10] INFO: CSV data flushed to mavsdk_logs/drone_log_20250703_120218.csv
[2025-07-03 17:41:16] INFO: CSV data flushed to mavsdk_logs/drone_log_20250703_120218.csv
[2025-07-03 17:41:21] INFO: CSV data flushed to mavsdk_logs/drone_log_20250703_120218.csv
[2025-07-03 17:41:26] INFO: CSV data flushed to mavsdk_logs/drone_log_20250703_120218.csv
[2025-07-03 17:41:31] INFO: CSV data flushed to mavsdk_logs/drone_log_20250703_120218.csv
[2025-07-03 17:41:36] INFO: CSV data flushed to mavsdk_logs/drone_log_20250703_120218.csv
[2025-07-03 17:41:41] INFO: CSV data flushed to mavsdk_logs/drone_log_20250703_120218.csv
[2025-07-03 17:41:46] INFO: CSV data flushed to mavsdk_logs/drone_log_20250703_120218.csv
[2025-07-03 17:41:51] INFO: CSV data flushed to mavsdk_logs/drone_log_20250703_120218.csv
[2025-07-03 17:41:56] INFO: CSV data flushed to mavsdk_logs/drone_log_20250703_120218.csv
[2025-07-03 17:42:01] INFO: CSV data flushed to mavsdk_logs/drone_log_20250703_120218.csv
[2025-07-03 17:42:06] INFO: CSV data flushed to mavsdk_logs/drone_log_20250703_120218.csv
[2025-07-03 17:42:11] INFO: CSV data flushed to mavsdk_logs/drone_log_20250703_120218.csv
[2025-07-03 17:42:16] INFO: CSV data flushed to mavsdk_logs/drone_log_20250703_120218.csv
[2025-07-03 17:42:21] INFO: CSV data flushed to mavsdk_logs/drone_log_20250703_120218.csv
[2025-07-03 17:42:26] INFO: CSV data flushed to mavsdk_logs/drone_log_20250703_120218.csv
[2025-07-03 17:42:31] INFO: CSV data flushed to mavsdk_logs/drone_log_20250703_120218.csv
[2025-07-03 17:42:36] INFO: CSV data flushed to mavsdk_logs/drone_log_20250703_120218.csv
[2025-07-03 17:42:41] INFO: CSV data flushed to mavsdk_logs/drone_log_20250703_120218.csv
[2025-07-03 17:42:46] INFO: CSV data flushed to mavsdk_logs/drone_log_20250703_120218.csv
[2025-07-03 17:42:51] INFO: CSV data flushed to mavsdk_logs/drone_log_20250703_120218.csv
[2025-07-03 17:42:56] INFO: CSV data flushed to mavsdk_logs/drone_log_20250703_120218.csv
[2025-07-03 17:43:01] INFO: CSV data flushed to mavsdk_logs/drone_log_20250703_120218.csv
[2025-07-03 17:43:06] INFO: CSV data flushed to mavsdk_logs/drone_log_20250703_120218.csv
[2025-07-03 17:43:11] INFO: CSV data flushed to mavsdk_logs/drone_log_20250703_120218.csv
[2025-07-03 17:43:16] INFO: CSV data flushed to mavsdk_logs/drone_log_20250703_120218.csv
[2025-07-03 17:43:21] INFO: CSV data flushed to mavsdk_logs/drone_log_20250703_120218.csv
[2025-07-03 17:43:26] INFO: CSV data flushed to mavsdk_logs/drone_log_20250703_120218.csv
[2025-07-03 17:43:31] INFO: CSV data flushed to mavsdk_logs/drone_log_20250703_120218.csv
[2025-07-03 17:43:36] INFO: CSV data flushed to mavsdk_logs/drone_log_20250703_120218.csv
[2025-07-03 17:43:41] INFO: CSV data flushed to mavsdk_logs/drone_log_20250703_120218.csv
[2025-07-03 17:43:46] INFO: CSV data flushed to mavsdk_logs/drone_log_20250703_120218.csv
[2025-07-03 17:43:51] INFO: CSV data flushed to mavsdk_logs/drone_log_20250703_120218.csv
[2025-07-03 17:43:56] INFO: CSV data flushed to mavsdk_logs/drone_log_20250703_120218.csv
[2025-07-03 17:44:01] INFO: CSV data flushed to mavsdk_logs/drone_log_20250703_120218.csv
[2025-07-03 17:44:06] INFO: CSV data flushed to mavsdk_logs/drone_log_20250703_120218.csv
[2025-07-03 17:44:11] INFO: CSV data flushed to mavsdk_logs/drone_log_20250703_120218.csv
[2025-07-03 17:44:16] INFO: CSV data flushed to mavsdk_logs/drone_log_20250703_120218.csv
[2025-07-03 17:44:21] INFO: CSV data flushed to mavsdk_logs/drone_log_20250703_120218.csv
[2025-07-03 17:44:26] INFO: CSV data flushed to mavsdk_logs/drone_log_20250703_120218.csv
[2025-07-03 17:44:31] INFO: CSV data flushed to mavsdk_logs/drone_log_20250703_120218.csv
[2025-07-03 17:44:36] INFO: CSV data flushed to mavsdk_logs/drone_log_20250703_120218.csv
[2025-07-03 17:44:41] INFO: CSV data flushed to mavsdk_logs/drone_log_20250703_120218.csv
[2025-07-03 17:44:46] INFO: CSV data flushed to mavsdk_logs/drone_log_20250703_120218.csv
[2025-07-03 17:44:51] INFO: CSV data flushed to mavsdk_logs/drone_log_20250703_120218.csv
[2025-07-03 17:44:56] INFO: CSV data flushed to mavsdk_logs/drone_log_20250703_120218.csv
[2025-07-03 17:45:01] INFO: CSV data flushed to mavsdk_logs/drone_log_20250703_120218.csv
[2025-07-03 17:45:06] INFO: CSV data flushed to mavsdk_logs/drone_log_20250703_120218.csv
[2025-07-03 17:45:11] INFO: CSV data flushed to mavsdk_logs/drone_log_20250703_120218.csv
[2025-07-03 17:45:16] INFO: CSV data flushed to mavsdk_logs/drone_log_20250703_120218.csv
[2025-07-03 17:45:21] INFO: CSV data flushed to mavsdk_logs/drone_log_20250703_120218.csv
[2025-07-03 17:45:26] INFO: CSV data flushed to mavsdk_logs/drone_log_20250703_120218.csv
[2025-07-03 17:45:31] INFO: CSV data flushed to mavsdk_logs/drone_log_20250703_120218.csv
[2025-07-03 17:45:36] INFO: CSV data flushed to mavsdk_logs/drone_log_20250703_120218.csv
[2025-07-03 17:45:41] INFO: CSV data flushed to mavsdk_logs/drone_log_20250703_120218.csv
[2025-07-03 17:45:46] INFO: CSV data flushed to mavsdk_logs/drone_log_20250703_120218.csv
[2025-07-03 17:45:51] INFO: CSV data flushed to mavsdk_logs/drone_log_20250703_120218.csv
[2025-07-03 17:45:56] INFO: CSV data flushed to mavsdk_logs/drone_log_20250703_120218.csv
[2025-07-03 17:46:01] INFO: CSV data flushed to mavsdk_logs/drone_log_20250703_120218.csv
[2025-07-03 17:46:06] INFO: CSV data flushed to mavsdk_logs/drone_log_20250703_120218.csv
[2025-07-03 17:46:11] INFO: CSV data flushed to mavsdk_logs/drone_log_20250703_120218.csv
[2025-07-03 17:46:16] INFO: CSV data flushed to mavsdk_logs/drone_log_20250703_120218.csv
[2025-07-03 17:46:21] INFO: CSV data flushed to mavsdk_logs/drone_log_20250703_120218.csv
[2025-07-03 17:46:26] INFO: CSV data flushed to mavsdk_logs/drone_log_20250703_120218.csv
[2025-07-03 17:46:31] INFO: CSV data flushed to mavsdk_logs/drone_log_20250703_120218.csv
[2025-07-03 17:46:36] INFO: CSV data flushed to mavsdk_logs/drone_log_20250703_120218.csv
[2025-07-03 17:46:41] INFO: CSV data flushed to mavsdk_logs/drone_log_20250703_120218.csv
[2025-07-03 17:46:46] INFO: CSV data flushed to mavsdk_logs/drone_log_20250703_120218.csv
[2025-07-03 17:46:51] INFO: CSV data flushed to mavsdk_logs/drone_log_20250703_120218.csv
[2025-07-03 17:46:56] INFO: CSV data flushed to mavsdk_logs/drone_log_20250703_120218.csv
[2025-07-03 17:47:01] INFO: CSV data flushed to mavsdk_logs/drone_log_20250703_120218.csv
[2025-07-03 17:47:06] INFO: CSV data flushed to mavsdk_logs/drone_log_20250703_120218.csv
[2025-07-03 17:47:11] INFO: CSV data flushed to mavsdk_logs/drone_log_20250703_120218.csv
[2025-07-03 17:47:16] INFO: CSV data flushed to mavsdk_logs/drone_log_20250703_120218.csv
[2025-07-03 17:47:21] INFO: CSV data flushed to mavsdk_logs/drone_log_20250703_120218.csv
[2025-07-03 17:47:26] INFO: CSV data flushed to mavsdk_logs/drone_log_20250703_120218.csv
[2025-07-03 17:47:31] INFO: CSV data flushed to mavsdk_logs/drone_log_20250703_120218.csv
[2025-07-03 17:47:36] INFO: CSV data flushed to mavsdk_logs/drone_log_20250703_120218.csv
[2025-07-03 17:47:41] INFO: CSV data flushed to mavsdk_logs/drone_log_20250703_120218.csv
[2025-07-03 17:47:46] INFO: CSV data flushed to mavsdk_logs/drone_log_20250703_120218.csv
[2025-07-03 17:47:51] INFO: CSV data flushed to mavsdk_logs/drone_log_20250703_120218.csv
[2025-07-03 17:47:56] INFO: CSV data flushed to mavsdk_logs/drone_log_20250703_120218.csv
[2025-07-03 17:48:01] INFO: CSV data flushed to mavsdk_logs/drone_log_20250703_120218.csv
[2025-07-03 17:48:06] INFO: CSV data flushed to mavsdk_logs/drone_log_20250703_120218.csv
[2025-07-03 17:48:11] INFO: CSV data flushed to mavsdk_logs/drone_log_20250703_120218.csv
[2025-07-03 17:48:16] INFO: CSV data flushed to mavsdk_logs/drone_log_20250703_120218.csv
[2025-07-03 17:48:21] INFO: CSV data flushed to mavsdk_logs/drone_log_20250703_120218.csv
[2025-07-03 17:48:26] INFO: CSV data flushed to mavsdk_logs/drone_log_20250703_120218.csv
[2025-07-03 17:48:31] INFO: CSV data flushed to mavsdk_logs/drone_log_20250703_120218.csv
[2025-07-03 17:48:36] INFO: CSV data flushed to mavsdk_logs/drone_log_20250703_120218.csv
[2025-07-03 17:48:41] INFO: CSV data flushed to mavsdk_logs/drone_log_20250703_120218.csv
[2025-07-03 17:48:46] INFO: CSV data flushed to mavsdk_logs/drone_log_20250703_120218.csv
[2025-07-03 17:48:51] INFO: CSV data flushed to mavsdk_logs/drone_log_20250703_120218.csv
[2025-07-03 17:48:56] INFO: CSV data flushed to mavsdk_logs/drone_log_20250703_120218.csv
[2025-07-03 17:49:01] INFO: CSV data flushed to mavsdk_logs/drone_log_20250703_120218.csv
[2025-07-03 17:49:06] INFO: CSV data flushed to mavsdk_logs/drone_log_20250703_120218.csv
[2025-07-03 17:49:11] INFO: CSV data flushed to mavsdk_logs/drone_log_20250703_120218.csv
[2025-07-03 17:49:16] INFO: CSV data flushed to mavsdk_logs/drone_log_20250703_120218.csv
[2025-07-03 17:49:21] INFO: CSV data flushed to mavsdk_logs/drone_log_20250703_120218.csv
[2025-07-03 17:49:26] INFO: CSV data flushed to mavsdk_logs/drone_log_20250703_120218.csv
[2025-07-03 17:49:31] INFO: CSV data flushed to mavsdk_logs/drone_log_20250703_120218.csv
[2025-07-03 17:49:36] INFO: CSV data flushed to mavsdk_logs/drone_log_20250703_120218.csv
[2025-07-03 17:49:41] INFO: CSV data flushed to mavsdk_logs/drone_log_20250703_120218.csv
[2025-07-03 17:49:46] INFO: CSV data flushed to mavsdk_logs/drone_log_20250703_120218.csv
[2025-07-03 17:49:51] INFO: CSV data flushed to mavsdk_logs/drone_log_20250703_120218.csv
[2025-07-03 17:49:56] INFO: CSV data flushed to mavsdk_logs/drone_log_20250703_120218.csv
[2025-07-03 17:50:01] INFO: CSV data flushed to mavsdk_logs/drone_log_20250703_120218.csv
[2025-07-03 17:50:06] INFO: CSV data flushed to mavsdk_logs/drone_log_20250703_120218.csv
[2025-07-03 17:50:11] INFO: CSV data flushed to mavsdk_logs/drone_log_20250703_120218.csv
[2025-07-03 17:50:16] INFO: CSV data flushed to mavsdk_logs/drone_log_20250703_120218.csv
[2025-07-03 17:50:21] INFO: CSV data flushed to mavsdk_logs/drone_log_20250703_120218.csv
[2025-07-03 17:50:26] INFO: CSV data flushed to mavsdk_logs/drone_log_20250703_120218.csv
[2025-07-03 17:50:31] INFO: CSV data flushed to mavsdk_logs/drone_log_20250703_120218.csv
[2025-07-03 17:50:36] INFO: CSV data flushed to mavsdk_logs/drone_log_20250703_120218.csv
[2025-07-03 17:50:41] INFO: CSV data flushed to mavsdk_logs/drone_log_20250703_120218.csv
[2025-07-03 17:50:46] INFO: CSV data flushed to mavsdk_logs/drone_log_20250703_120218.csv
[2025-07-03 17:50:51] INFO: CSV data flushed to mavsdk_logs/drone_log_20250703_120218.csv
[2025-07-03 17:50:56] INFO: CSV data flushed to mavsdk_logs/drone_log_20250703_120218.csv
[2025-07-03 17:51:01] INFO: CSV data flushed to mavsdk_logs/drone_log_20250703_120218.csv
[2025-07-03 17:51:06] INFO: CSV data flushed to mavsdk_logs/drone_log_20250703_120218.csv
[2025-07-03 17:51:11] INFO: CSV data flushed to mavsdk_logs/drone_log_20250703_120218.csv
[2025-07-03 17:51:16] INFO: CSV data flushed to mavsdk_logs/drone_log_20250703_120218.csv
[2025-07-03 17:51:21] INFO: CSV data flushed to mavsdk_logs/drone_log_20250703_120218.csv
[2025-07-03 17:51:26] INFO: CSV data flushed to mavsdk_logs/drone_log_20250703_120218.csv
[2025-07-03 17:51:31] INFO: CSV data flushed to mavsdk_logs/drone_log_20250703_120218.csv
[2025-07-03 17:51:36] INFO: CSV data flushed to mavsdk_logs/drone_log_20250703_120218.csv
[2025-07-03 17:51:41] INFO: CSV data flushed to mavsdk_logs/drone_log_20250703_120218.csv
[2025-07-03 17:51:46] INFO: CSV data flushed to mavsdk_logs/drone_log_20250703_120218.csv
[2025-07-03 17:51:51] INFO: CSV data flushed to mavsdk_logs/drone_log_20250703_120218.csv
[2025-07-03 17:51:56] INFO: CSV data flushed to mavsdk_logs/drone_log_20250703_120218.csv
[2025-07-03 17:52:01] INFO: CSV data flushed to mavsdk_logs/drone_log_20250703_120218.csv
[2025-07-03 17:52:06] INFO: CSV data flushed to mavsdk_logs/drone_log_20250703_120218.csv
[2025-07-03 17:52:11] INFO: CSV data flushed to mavsdk_logs/drone_log_20250703_120218.csv
[2025-07-03 17:52:16] INFO: CSV data flushed to mavsdk_logs/drone_log_20250703_120218.csv
[2025-07-03 17:52:21] INFO: CSV data flushed to mavsdk_logs/drone_log_20250703_120218.csv
[2025-07-03 17:52:26] INFO: CSV data flushed to mavsdk_logs/drone_log_20250703_120218.csv
[2025-07-03 17:52:31] INFO: CSV data flushed to mavsdk_logs/drone_log_20250703_120218.csv
[2025-07-03 17:52:36] INFO: CSV data flushed to mavsdk_logs/drone_log_20250703_120218.csv
[2025-07-03 17:52:41] INFO: CSV data flushed to mavsdk_logs/drone_log_20250703_120218.csv
[2025-07-03 17:52:46] INFO: CSV data flushed to mavsdk_logs/drone_log_20250703_120218.csv
[2025-07-03 17:52:51] INFO: CSV data flushed to mavsdk_logs/drone_log_20250703_120218.csv
[2025-07-03 17:52:56] INFO: CSV data flushed to mavsdk_logs/drone_log_20250703_120218.csv
[2025-07-03 17:53:01] INFO: CSV data flushed to mavsdk_logs/drone_log_20250703_120218.csv
[2025-07-03 17:53:06] INFO: CSV data flushed to mavsdk_logs/drone_log_20250703_120218.csv
[2025-07-03 17:53:11] INFO: CSV data flushed to mavsdk_logs/drone_log_20250703_120218.csv
[2025-07-03 17:53:17] INFO: CSV data flushed to mavsdk_logs/drone_log_20250703_120218.csv
[2025-07-03 17:53:22] INFO: CSV data flushed to mavsdk_logs/drone_log_20250703_120218.csv
[2025-07-03 17:53:27] INFO: CSV data flushed to mavsdk_logs/drone_log_20250703_120218.csv
[2025-07-03 17:53:32] INFO: CSV data flushed to mavsdk_logs/drone_log_20250703_120218.csv
[2025-07-03 17:53:37] INFO: CSV data flushed to mavsdk_logs/drone_log_20250703_120218.csv
[2025-07-03 17:53:42] INFO: CSV data flushed to mavsdk_logs/drone_log_20250703_120218.csv
[2025-07-03 17:53:47] INFO: CSV data flushed to mavsdk_logs/drone_log_20250703_120218.csv
[2025-07-03 17:53:52] INFO: CSV data flushed to mavsdk_logs/drone_log_20250703_120218.csv
[2025-07-03 17:53:57] INFO: CSV data flushed to mavsdk_logs/drone_log_20250703_120218.csv
[2025-07-03 17:54:02] INFO: CSV data flushed to mavsdk_logs/drone_log_20250703_120218.csv
[2025-07-03 17:54:07] INFO: CSV data flushed to mavsdk_logs/drone_log_20250703_120218.csv
[2025-07-03 17:54:12] INFO: CSV data flushed to mavsdk_logs/drone_log_20250703_120218.csv
[2025-07-03 17:54:17] INFO: CSV data flushed to mavsdk_logs/drone_log_20250703_120218.csv
[2025-07-03 17:54:22] INFO: CSV data flushed to mavsdk_logs/drone_log_20250703_120218.csv
[2025-07-03 17:54:27] INFO: CSV data flushed to mavsdk_logs/drone_log_20250703_120218.csv
[2025-07-03 17:54:32] INFO: CSV data flushed to mavsdk_logs/drone_log_20250703_120218.csv
[2025-07-03 17:54:37] INFO: CSV data flushed to mavsdk_logs/drone_log_20250703_120218.csv
[2025-07-03 17:54:42] INFO: CSV data flushed to mavsdk_logs/drone_log_20250703_120218.csv
[2025-07-03 17:54:47] INFO: CSV data flushed to mavsdk_logs/drone_log_20250703_120218.csv
[2025-07-03 17:54:52] INFO: CSV data flushed to mavsdk_logs/drone_log_20250703_120218.csv
[2025-07-03 17:54:57] INFO: CSV data flushed to mavsdk_logs/drone_log_20250703_120218.csv
[2025-07-03 17:55:02] INFO: CSV data flushed to mavsdk_logs/drone_log_20250703_120218.csv
[2025-07-03 17:55:07] INFO: CSV data flushed to mavsdk_logs/drone_log_20250703_120218.csv
[2025-07-03 17:55:12] INFO: CSV data flushed to mavsdk_logs/drone_log_20250703_120218.csv
[2025-07-03 17:55:17] INFO: CSV data flushed to mavsdk_logs/drone_log_20250703_120218.csv
[2025-07-03 17:55:22] INFO: CSV data flushed to mavsdk_logs/drone_log_20250703_120218.csv
[2025-07-03 17:55:27] INFO: CSV data flushed to mavsdk_logs/drone_log_20250703_120218.csv
[2025-07-03 17:55:32] INFO: CSV data flushed to mavsdk_logs/drone_log_20250703_120218.csv
[2025-07-03 17:55:37] INFO: CSV data flushed to mavsdk_logs/drone_log_20250703_120218.csv
[2025-07-03 17:55:42] INFO: CSV data flushed to mavsdk_logs/drone_log_20250703_120218.csv
[2025-07-03 17:55:47] INFO: CSV data flushed to mavsdk_logs/drone_log_20250703_120218.csv
[2025-07-03 17:55:52] INFO: CSV data flushed to mavsdk_logs/drone_log_20250703_120218.csv
[2025-07-03 17:55:57] INFO: CSV data flushed to mavsdk_logs/drone_log_20250703_120218.csv
[2025-07-03 17:56:02] INFO: CSV data flushed to mavsdk_logs/drone_log_20250703_120218.csv
[2025-07-03 17:56:07] INFO: CSV data flushed to mavsdk_logs/drone_log_20250703_120218.csv
[2025-07-03 17:56:12] INFO: CSV data flushed to mavsdk_logs/drone_log_20250703_120218.csv
[2025-07-03 17:56:17] INFO: CSV data flushed to mavsdk_logs/drone_log_20250703_120218.csv
[2025-07-03 17:56:22] INFO: CSV data flushed to mavsdk_logs/drone_log_20250703_120218.csv
[2025-07-03 17:56:27] INFO: CSV data flushed to mavsdk_logs/drone_log_20250703_120218.csv
[2025-07-03 17:56:32] INFO: CSV data flushed to mavsdk_logs/drone_log_20250703_120218.csv
[2025-07-03 17:56:37] INFO: CSV data flushed to mavsdk_logs/drone_log_20250703_120218.csv
[2025-07-03 17:56:42] INFO: CSV data flushed to mavsdk_logs/drone_log_20250703_120218.csv
[2025-07-03 17:56:47] INFO: CSV data flushed to mavsdk_logs/drone_log_20250703_120218.csv
[2025-07-03 17:56:52] INFO: CSV data flushed to mavsdk_logs/drone_log_20250703_120218.csv
[2025-07-03 17:56:57] INFO: CSV data flushed to mavsdk_logs/drone_log_20250703_120218.csv
[2025-07-03 17:57:02] INFO: CSV data flushed to mavsdk_logs/drone_log_20250703_120218.csv
[2025-07-03 17:57:07] INFO: CSV data flushed to mavsdk_logs/drone_log_20250703_120218.csv
[2025-07-03 17:57:12] INFO: CSV data flushed to mavsdk_logs/drone_log_20250703_120218.csv
[2025-07-03 17:57:17] INFO: CSV data flushed to mavsdk_logs/drone_log_20250703_120218.csv
[2025-07-03 17:57:22] INFO: CSV data flushed to mavsdk_logs/drone_log_20250703_120218.csv
[2025-07-03 17:57:27] INFO: CSV data flushed to mavsdk_logs/drone_log_20250703_120218.csv
[2025-07-03 17:57:32] INFO: CSV data flushed to mavsdk_logs/drone_log_20250703_120218.csv
[2025-07-03 17:57:37] INFO: CSV data flushed to mavsdk_logs/drone_log_20250703_120218.csv
[2025-07-03 17:57:42] INFO: CSV data flushed to mavsdk_logs/drone_log_20250703_120218.csv
[2025-07-03 17:57:47] INFO: CSV data flushed to mavsdk_logs/drone_log_20250703_120218.csv
[2025-07-03 17:57:52] INFO: CSV data flushed to mavsdk_logs/drone_log_20250703_120218.csv
[2025-07-03 17:57:57] INFO: CSV data flushed to mavsdk_logs/drone_log_20250703_120218.csv
[2025-07-03 17:58:02] INFO: CSV data flushed to mavsdk_logs/drone_log_20250703_120218.csv
[2025-07-03 17:58:07] INFO: CSV data flushed to mavsdk_logs/drone_log_20250703_120218.csv
[2025-07-03 17:58:12] INFO: CSV data flushed to mavsdk_logs/drone_log_20250703_120218.csv
[2025-07-03 17:58:17] INFO: CSV data flushed to mavsdk_logs/drone_log_20250703_120218.csv
[2025-07-03 17:58:24] INFO: CSV data flushed to mavsdk_logs/drone_log_20250703_120218.csv
[2025-07-03 17:58:32] INFO: CSV data flushed to mavsdk_logs/drone_log_20250703_120218.csv
[2025-07-03 17:58:37] INFO: CSV data flushed to mavsdk_logs/drone_log_20250703_120218.csv
[2025-07-03 17:58:42] INFO: CSV data flushed to mavsdk_logs/drone_log_20250703_120218.csv
[2025-07-03 17:58:47] INFO: CSV data flushed to mavsdk_logs/drone_log_20250703_120218.csv
[2025-07-03 17:58:52] INFO: CSV data flushed to mavsdk_logs/drone_log_20250703_120218.csv
[2025-07-03 17:58:57] INFO: CSV data flushed to mavsdk_logs/drone_log_20250703_120218.csv
[2025-07-03 17:59:02] INFO: CSV data flushed to mavsdk_logs/drone_log_20250703_120218.csv
[2025-07-03 17:59:07] INFO: CSV data flushed to mavsdk_logs/drone_log_20250703_120218.csv
[2025-07-03 17:59:12] INFO: CSV data flushed to mavsdk_logs/drone_log_20250703_120218.csv
[2025-07-03 17:59:17] INFO: CSV data flushed to mavsdk_logs/drone_log_20250703_120218.csv
[2025-07-03 17:59:22] INFO: CSV data flushed to mavsdk_logs/drone_log_20250703_120218.csv
[2025-07-03 17:59:27] INFO: CSV data flushed to mavsdk_logs/drone_log_20250703_120218.csv
[2025-07-03 17:59:32] INFO: CSV data flushed to mavsdk_logs/drone_log_20250703_120218.csv
[2025-07-03 17:59:37] INFO: CSV data flushed to mavsdk_logs/drone_log_20250703_120218.csv
[2025-07-03 17:59:42] INFO: CSV data flushed to mavsdk_logs/drone_log_20250703_120218.csv
[2025-07-03 17:59:47] INFO: CSV data flushed to mavsdk_logs/drone_log_20250703_120218.csv
[2025-07-03 17:59:52] INFO: CSV data flushed to mavsdk_logs/drone_log_20250703_120218.csv
[2025-07-03 17:59:57] INFO: CSV data flushed to mavsdk_logs/drone_log_20250703_120218.csv
[2025-07-03 18:00:02] INFO: CSV data flushed to mavsdk_logs/drone_log_20250703_120218.csv
[2025-07-03 18:00:07] INFO: CSV data flushed to mavsdk_logs/drone_log_20250703_120218.csv
[2025-07-03 18:00:12] INFO: CSV data flushed to mavsdk_logs/drone_log_20250703_120218.csv
[2025-07-03 18:00:17] INFO: CSV data flushed to mavsdk_logs/drone_log_20250703_120218.csv
[2025-07-03 18:00:22] INFO: CSV data flushed to mavsdk_logs/drone_log_20250703_120218.csv
[2025-07-03 18:00:27] INFO: CSV data flushed to mavsdk_logs/drone_log_20250703_120218.csv
[2025-07-03 18:00:32] INFO: CSV data flushed to mavsdk_logs/drone_log_20250703_120218.csv
[2025-07-03 18:00:37] INFO: CSV data flushed to mavsdk_logs/drone_log_20250703_120218.csv
[2025-07-03 18:00:42] INFO: CSV data flushed to mavsdk_logs/drone_log_20250703_120218.csv
[2025-07-03 18:00:47] INFO: CSV data flushed to mavsdk_logs/drone_log_20250703_120218.csv
[2025-07-03 18:00:52] INFO: CSV data flushed to mavsdk_logs/drone_log_20250703_120218.csv
[2025-07-03 18:00:57] INFO: CSV data flushed to mavsdk_logs/drone_log_20250703_120218.csv
[2025-07-03 18:01:02] INFO: CSV data flushed to mavsdk_logs/drone_log_20250703_120218.csv
[2025-07-03 18:01:07] INFO: CSV data flushed to mavsdk_logs/drone_log_20250703_120218.csv
[2025-07-03 18:01:12] INFO: CSV data flushed to mavsdk_logs/drone_log_20250703_120218.csv
[2025-07-03 18:01:17] INFO: CSV data flushed to mavsdk_logs/drone_log_20250703_120218.csv
[2025-07-03 18:01:22] INFO: CSV data flushed to mavsdk_logs/drone_log_20250703_120218.csv
[2025-07-03 18:01:27] INFO: CSV data flushed to mavsdk_logs/drone_log_20250703_120218.csv
[2025-07-03 18:01:32] INFO: CSV data flushed to mavsdk_logs/drone_log_20250703_120218.csv
[2025-07-03 18:01:37] INFO: CSV data flushed to mavsdk_logs/drone_log_20250703_120218.csv
[2025-07-03 18:01:42] INFO: CSV data flushed to mavsdk_logs/drone_log_20250703_120218.csv
[2025-07-03 18:01:47] INFO: CSV data flushed to mavsdk_logs/drone_log_20250703_120218.csv
[2025-07-03 18:01:52] INFO: CSV data flushed to mavsdk_logs/drone_log_20250703_120218.csv
[2025-07-03 18:01:57] INFO: CSV data flushed to mavsdk_logs/drone_log_20250703_120218.csv
[2025-07-03 18:02:02] INFO: CSV data flushed to mavsdk_logs/drone_log_20250703_120218.csv
[2025-07-03 18:02:07] INFO: CSV data flushed to mavsdk_logs/drone_log_20250703_120218.csv
[2025-07-03 18:02:12] INFO: CSV data flushed to mavsdk_logs/drone_log_20250703_120218.csv
[2025-07-03 18:02:17] INFO: CSV data flushed to mavsdk_logs/drone_log_20250703_120218.csv
[2025-07-04 10:34:38] INFO: Starting MAVSDK logger...
[2025-07-04 10:34:38] INFO: Table weather_logs created or exists (SQLite)
[2025-07-04 10:34:38] INFO: WeatherSQLiteLogger connection closed
[2025-07-04 10:49:47] INFO: Starting MAVSDK logger...
[2025-07-04 10:49:47] ERROR: SQLite setup failed: unable to open database file
[2025-07-04 10:49:47] ERROR: Failed to initialize databases: unable to open database file
[2025-07-04 10:49:47] ERROR: Fatal error: unable to open database file
[2025-07-04 10:49:47] ERROR: Traceback (most recent call last):
  File "/home/aaditya/Desktop/Weather_Prediction_Using_Drone_Data-main/MAVSDK_logger.py", line 623, in <module>
    initialize_databases()
  File "/home/aaditya/Desktop/Weather_Prediction_Using_Drone_Data-main/MAVSDK_logger.py", line 304, in initialize_databases
    weather_sql_logger = WeatherSQLiteLogger()
  File "/home/aaditya/Desktop/Weather_Prediction_Using_Drone_Data-main/MAVSDK_logger.py", line 94, in __init__
    self._setup()
  File "/home/aaditya/Desktop/Weather_Prediction_Using_Drone_Data-main/MAVSDK_logger.py", line 98, in _setup
    self.conn = sqlite3.connect(self.db_path)
sqlite3.OperationalError: unable to open database file

[2025-07-04 10:49:47] INFO: Logger shutdown complete.
[2025-07-04 11:08:59] INFO: Starting MAVSDK logger...
[2025-07-04 11:08:59] ERROR: SQLite setup failed: unable to open database file
[2025-07-04 11:08:59] ERROR: Failed to initialize databases: unable to open database file
[2025-07-04 11:08:59] ERROR: Fatal error: unable to open database file
[2025-07-04 11:08:59] ERROR: Traceback (most recent call last):
  File "/home/aaditya/Desktop/Weather_Prediction_Using_Drone_Data-main/MAVSDK_logger.py", line 592, in <module>
    initialize_databases()
  File "/home/aaditya/Desktop/Weather_Prediction_Using_Drone_Data-main/MAVSDK_logger.py", line 304, in initialize_databases
    weather_sql_logger = WeatherSQLiteLogger()
  File "/home/aaditya/Desktop/Weather_Prediction_Using_Drone_Data-main/MAVSDK_logger.py", line 94, in __init__
    self._setup()
  File "/home/aaditya/Desktop/Weather_Prediction_Using_Drone_Data-main/MAVSDK_logger.py", line 98, in _setup
    self.conn = sqlite3.connect(self.db_path)
sqlite3.OperationalError: unable to open database file

[2025-07-04 11:08:59] INFO: Logger shutdown complete.
[2025-07-04 11:09:04] INFO: Starting MAVSDK logger...
[2025-07-04 11:09:04] ERROR: SQLite setup failed: unable to open database file
[2025-07-04 11:09:04] ERROR: Failed to initialize databases: unable to open database file
[2025-07-04 11:09:04] ERROR: Fatal error: unable to open database file
[2025-07-04 11:09:04] ERROR: Traceback (most recent call last):
  File "/home/aaditya/Desktop/Weather_Prediction_Using_Drone_Data-main/MAVSDK_logger.py", line 592, in <module>
    initialize_databases()
  File "/home/aaditya/Desktop/Weather_Prediction_Using_Drone_Data-main/MAVSDK_logger.py", line 304, in initialize_databases
    weather_sql_logger = WeatherSQLiteLogger()
  File "/home/aaditya/Desktop/Weather_Prediction_Using_Drone_Data-main/MAVSDK_logger.py", line 94, in __init__
    self._setup()
  File "/home/aaditya/Desktop/Weather_Prediction_Using_Drone_Data-main/MAVSDK_logger.py", line 98, in _setup
    self.conn = sqlite3.connect(self.db_path)
sqlite3.OperationalError: unable to open database file

[2025-07-04 11:09:04] INFO: Logger shutdown complete.
[2025-07-04 11:14:17] INFO: Starting MAVSDK logger...
[2025-07-04 11:14:17] ERROR: SQLite setup failed: unable to open database file
[2025-07-04 11:14:17] ERROR: Failed to initialize databases: unable to open database file
[2025-07-04 11:14:17] ERROR: Fatal error: unable to open database file
[2025-07-04 11:14:17] ERROR: Traceback (most recent call last):
  File "/home/aaditya/Desktop/Weather_Prediction_Using_Drone_Data-main/MAVSDK_logger.py", line 592, in <module>
    initialize_databases()
  File "/home/aaditya/Desktop/Weather_Prediction_Using_Drone_Data-main/MAVSDK_logger.py", line 304, in initialize_databases
    weather_sql_logger = WeatherSQLiteLogger()
  File "/home/aaditya/Desktop/Weather_Prediction_Using_Drone_Data-main/MAVSDK_logger.py", line 94, in __init__
    self._setup()
  File "/home/aaditya/Desktop/Weather_Prediction_Using_Drone_Data-main/MAVSDK_logger.py", line 98, in _setup
    self.conn = sqlite3.connect(self.db_path)
sqlite3.OperationalError: unable to open database file

[2025-07-04 11:14:17] INFO: Logger shutdown complete.
[2025-07-04 11:14:35] INFO: Starting MAVSDK logger...
[2025-07-04 11:14:35] ERROR: SQLite setup failed: unable to open database file
[2025-07-04 11:14:35] ERROR: Failed to initialize databases: unable to open database file
[2025-07-04 11:14:35] ERROR: Fatal error: unable to open database file
[2025-07-04 11:14:35] ERROR: Traceback (most recent call last):
  File "/home/aaditya/Desktop/Weather_Prediction_Using_Drone_Data-main/MAVSDK_logger.py", line 592, in <module>
    initialize_databases()
  File "/home/aaditya/Desktop/Weather_Prediction_Using_Drone_Data-main/MAVSDK_logger.py", line 304, in initialize_databases
    weather_sql_logger = WeatherSQLiteLogger()
  File "/home/aaditya/Desktop/Weather_Prediction_Using_Drone_Data-main/MAVSDK_logger.py", line 94, in __init__
    self._setup()
  File "/home/aaditya/Desktop/Weather_Prediction_Using_Drone_Data-main/MAVSDK_logger.py", line 98, in _setup
    self.conn = sqlite3.connect(self.db_path)
sqlite3.OperationalError: unable to open database file

[2025-07-04 11:14:35] INFO: Logger shutdown complete.
[2025-07-04 11:14:36] INFO: Starting MAVSDK logger...
[2025-07-04 11:14:36] ERROR: SQLite setup failed: unable to open database file
[2025-07-04 11:14:36] ERROR: Failed to initialize databases: unable to open database file
[2025-07-04 11:14:36] ERROR: Fatal error: unable to open database file
[2025-07-04 11:14:36] ERROR: Traceback (most recent call last):
  File "/home/aaditya/Desktop/Weather_Prediction_Using_Drone_Data-main/MAVSDK_logger.py", line 592, in <module>
    initialize_databases()
  File "/home/aaditya/Desktop/Weather_Prediction_Using_Drone_Data-main/MAVSDK_logger.py", line 304, in initialize_databases
    weather_sql_logger = WeatherSQLiteLogger()
  File "/home/aaditya/Desktop/Weather_Prediction_Using_Drone_Data-main/MAVSDK_logger.py", line 94, in __init__
    self._setup()
  File "/home/aaditya/Desktop/Weather_Prediction_Using_Drone_Data-main/MAVSDK_logger.py", line 98, in _setup
    self.conn = sqlite3.connect(self.db_path)
sqlite3.OperationalError: unable to open database file

[2025-07-04 11:14:36] INFO: Logger shutdown complete.
[2025-07-04 11:15:37] INFO: Starting MAVSDK logger...
[2025-07-04 11:15:37] INFO: Table weather_logs created or exists (SQLite)
[2025-07-04 11:15:37] INFO: WeatherSQLiteLogger connection closed
[2025-07-04 11:15:41] INFO: Shutdown signal received...
[2025-07-04 11:24:40] INFO: Shutdown signal received...
[2025-07-04 11:24:47] INFO: Starting MAVSDK logger...
[2025-07-04 11:24:47] INFO: Table weather_logs created or exists (SQLite)
[2025-07-04 11:24:47] INFO: WeatherSQLiteLogger connection closed
[2025-07-04 11:24:50] INFO: Logging options: sql=False, csv=True, tcp=True
[2025-07-04 11:24:50] INFO: Logging started. Press Ctrl+C to stop.
[2025-07-04 11:24:50] ERROR: Error in stream_position: Telemetry plugin has not been initialized! Did you run `System.connect()`?
[2025-07-04 11:24:50] ERROR: Error in stream_battery: Telemetry plugin has not been initialized! Did you run `System.connect()`?
[2025-07-04 11:24:50] ERROR: Error in stream_imu: Telemetry plugin has not been initialized! Did you run `System.connect()`?
[2025-07-04 11:24:50] ERROR: Error in stream_velocity: Telemetry plugin has not been initialized! Did you run `System.connect()`?
[2025-07-04 11:24:50] ERROR: Error in stream_attitude: Telemetry plugin has not been initialized! Did you run `System.connect()`?
[2025-07-04 11:24:50] ERROR: Error monitoring connection: Core plugin has not been initialized! Did you run `System.connect()`?
[2025-07-04 11:24:50] ERROR: Error in stream_wind: Telemetry plugin has not been initialized! Did you run `System.connect()`?
[2025-07-04 11:26:26] INFO: Shutdown signal received...
[2025-07-04 11:26:26] INFO: Cleaning up...
[2025-07-04 11:26:26] INFO: Logger shutdown complete.
[2025-07-04 11:26:29] INFO: Starting MAVSDK logger...
[2025-07-04 11:26:29] INFO: Table weather_logs created or exists (SQLite)
[2025-07-04 11:26:29] INFO: WeatherSQLiteLogger connection closed
[2025-07-04 11:26:31] INFO: Logging options: sql=False, csv=True, tcp=True
[2025-07-04 11:26:39] INFO: Shutdown signal received...
[2025-07-04 11:26:46] INFO: Shutdown signal received...
[2025-07-04 11:26:47] INFO: Shutdown signal received...
