[2025-07-03 16:47:00] INFO: Table predictions created
[2025-07-03 16:47:00] WARNING: Compiled the loaded model, but the compiled metrics have yet to be built. `model.compile_metrics` will be empty until you train or evaluate the model.
[2025-07-03 16:47:00] WARNING: Compiled the loaded model, but the compiled metrics have yet to be built. `model.compile_metrics` will be empty until you train or evaluate the model.
[2025-07-03 16:47:00] INFO: All models and scalers loaded successfully
[2025-07-03 16:47:00] ERROR: Must specify --tcp or --csv <file>
[2025-07-03 16:47:11] INFO: Table predictions created
[2025-07-03 16:47:11] WARNING: Compiled the loaded model, but the compiled metrics have yet to be built. `model.compile_metrics` will be empty until you train or evaluate the model.
[2025-07-03 16:47:11] WARNING: Compiled the loaded model, but the compiled metrics have yet to be built. `model.compile_metrics` will be empty until you train or evaluate the model.
[2025-07-03 16:47:11] INFO: All models and scalers loaded successfully
[2025-07-03 16:47:11] INFO: Waiting 5 seconds before first TCP connection attempt...
[2025-07-03 16:47:16] INFO: Connected to TCP server. Waiting for data...
[2025-07-03 16:47:20] ERROR: Error in prediction: The feature names should match those that were passed during fit.
Feature names unseen at fit time:
- east_m_s
- latitude
- longitude
- north_m_s
Feature names seen at fit time, yet now missing:
- cloudcover
- precipitation
- weathercode
- wind_dir_cos
- wind_dir_sin

[2025-07-03 16:47:20] WARNING: Prediction failed
[2025-07-03 16:47:22] ERROR: Error in prediction: The feature names should match those that were passed during fit.
Feature names unseen at fit time:
- east_m_s
- latitude
- longitude
- north_m_s
Feature names seen at fit time, yet now missing:
- cloudcover
- precipitation
- weathercode
- wind_dir_cos
- wind_dir_sin

[2025-07-03 16:47:22] WARNING: Prediction failed
[2025-07-03 16:47:27] ERROR: Error in prediction: The feature names should match those that were passed during fit.
Feature names unseen at fit time:
- east_m_s
- latitude
- longitude
- north_m_s
Feature names seen at fit time, yet now missing:
- cloudcover
- precipitation
- weathercode
- wind_dir_cos
- wind_dir_sin

[2025-07-03 16:47:27] WARNING: Prediction failed
[2025-07-03 16:47:29] ERROR: Error in prediction: The feature names should match those that were passed during fit.
Feature names unseen at fit time:
- east_m_s
- latitude
- longitude
- north_m_s
Feature names seen at fit time, yet now missing:
- cloudcover
- precipitation
- weathercode
- wind_dir_cos
- wind_dir_sin

[2025-07-03 16:47:29] WARNING: Prediction failed
[2025-07-03 16:47:31] ERROR: Error in prediction: The feature names should match those that were passed during fit.
Feature names unseen at fit time:
- east_m_s
- latitude
- longitude
- north_m_s
Feature names seen at fit time, yet now missing:
- cloudcover
- precipitation
- weathercode
- wind_dir_cos
- wind_dir_sin

[2025-07-03 16:47:31] WARNING: Prediction failed
[2025-07-03 16:47:33] ERROR: Error in prediction: The feature names should match those that were passed during fit.
Feature names unseen at fit time:
- east_m_s
- latitude
- longitude
- north_m_s
Feature names seen at fit time, yet now missing:
- cloudcover
- precipitation
- weathercode
- wind_dir_cos
- wind_dir_sin

[2025-07-03 16:47:33] WARNING: Prediction failed
[2025-07-03 16:47:34] ERROR: Error in prediction: The feature names should match those that were passed during fit.
Feature names unseen at fit time:
- east_m_s
- latitude
- longitude
- north_m_s
Feature names seen at fit time, yet now missing:
- cloudcover
- precipitation
- weathercode
- wind_dir_cos
- wind_dir_sin

[2025-07-03 16:47:34] WARNING: Prediction failed
[2025-07-03 16:47:36] ERROR: Error in prediction: The feature names should match those that were passed during fit.
Feature names unseen at fit time:
- east_m_s
- latitude
- longitude
- north_m_s
Feature names seen at fit time, yet now missing:
- cloudcover
- precipitation
- weathercode
- wind_dir_cos
- wind_dir_sin

[2025-07-03 16:47:36] WARNING: Prediction failed
[2025-07-03 16:47:38] ERROR: Error in prediction: The feature names should match those that were passed during fit.
Feature names unseen at fit time:
- east_m_s
- latitude
- longitude
- north_m_s
Feature names seen at fit time, yet now missing:
- cloudcover
- precipitation
- weathercode
- wind_dir_cos
- wind_dir_sin

[2025-07-03 16:47:38] WARNING: Prediction failed
[2025-07-03 16:47:41] ERROR: Error in prediction: The feature names should match those that were passed during fit.
Feature names unseen at fit time:
- east_m_s
- latitude
- longitude
- north_m_s
Feature names seen at fit time, yet now missing:
- cloudcover
- precipitation
- weathercode
- wind_dir_cos
- wind_dir_sin

[2025-07-03 16:47:41] WARNING: Prediction failed
[2025-07-03 16:48:13] INFO: Table predictions created
[2025-07-03 16:48:13] WARNING: Compiled the loaded model, but the compiled metrics have yet to be built. `model.compile_metrics` will be empty until you train or evaluate the model.
[2025-07-03 16:48:13] WARNING: Compiled the loaded model, but the compiled metrics have yet to be built. `model.compile_metrics` will be empty until you train or evaluate the model.
[2025-07-03 16:48:13] INFO: All models and scalers loaded successfully
[2025-07-03 16:48:13] ERROR: Must specify --tcp or --csv <file>
[2025-07-03 16:48:24] INFO: Table predictions created
[2025-07-03 16:48:24] WARNING: Compiled the loaded model, but the compiled metrics have yet to be built. `model.compile_metrics` will be empty until you train or evaluate the model.
[2025-07-03 16:48:24] WARNING: Compiled the loaded model, but the compiled metrics have yet to be built. `model.compile_metrics` will be empty until you train or evaluate the model.
[2025-07-03 16:48:24] INFO: All models and scalers loaded successfully
[2025-07-03 16:48:24] INFO: Waiting 5 seconds before first TCP connection attempt...
[2025-07-03 16:48:29] INFO: Connected to TCP server. Waiting for data...
[2025-07-03 16:48:33] ERROR: Error in prediction: The feature names should match those that were passed during fit.
Feature names unseen at fit time:
- east_m_s
- latitude
- longitude
- north_m_s
Feature names seen at fit time, yet now missing:
- cloudcover
- precipitation
- weathercode
- wind_dir_cos
- wind_dir_sin

[2025-07-03 16:48:33] WARNING: Prediction failed
[2025-07-03 16:48:37] ERROR: Error in prediction: The feature names should match those that were passed during fit.
Feature names unseen at fit time:
- east_m_s
- latitude
- longitude
- north_m_s
Feature names seen at fit time, yet now missing:
- cloudcover
- precipitation
- weathercode
- wind_dir_cos
- wind_dir_sin

[2025-07-03 16:48:37] WARNING: Prediction failed
[2025-07-03 16:48:40] ERROR: Error in prediction: The feature names should match those that were passed during fit.
Feature names unseen at fit time:
- east_m_s
- latitude
- longitude
- north_m_s
Feature names seen at fit time, yet now missing:
- cloudcover
- precipitation
- weathercode
- wind_dir_cos
- wind_dir_sin

[2025-07-03 16:48:40] WARNING: Prediction failed
[2025-07-03 16:48:42] ERROR: Error in prediction: The feature names should match those that were passed during fit.
Feature names unseen at fit time:
- east_m_s
- latitude
- longitude
- north_m_s
Feature names seen at fit time, yet now missing:
- cloudcover
- precipitation
- weathercode
- wind_dir_cos
- wind_dir_sin

[2025-07-03 16:48:42] WARNING: Prediction failed
[2025-07-03 16:48:47] ERROR: Error in prediction: The feature names should match those that were passed during fit.
Feature names unseen at fit time:
- east_m_s
- latitude
- longitude
- north_m_s
Feature names seen at fit time, yet now missing:
- cloudcover
- precipitation
- weathercode
- wind_dir_cos
- wind_dir_sin

[2025-07-03 16:48:47] WARNING: Prediction failed
[2025-07-03 16:48:49] ERROR: Error in prediction: The feature names should match those that were passed during fit.
Feature names unseen at fit time:
- east_m_s
- latitude
- longitude
- north_m_s
Feature names seen at fit time, yet now missing:
- cloudcover
- precipitation
- weathercode
- wind_dir_cos
- wind_dir_sin

[2025-07-03 16:48:49] WARNING: Prediction failed
[2025-07-03 16:48:51] ERROR: Error in prediction: The feature names should match those that were passed during fit.
Feature names unseen at fit time:
- east_m_s
- latitude
- longitude
- north_m_s
Feature names seen at fit time, yet now missing:
- cloudcover
- precipitation
- weathercode
- wind_dir_cos
- wind_dir_sin

[2025-07-03 16:48:51] WARNING: Prediction failed
[2025-07-03 16:48:53] ERROR: Error in prediction: The feature names should match those that were passed during fit.
Feature names unseen at fit time:
- east_m_s
- latitude
- longitude
- north_m_s
Feature names seen at fit time, yet now missing:
- cloudcover
- precipitation
- weathercode
- wind_dir_cos
- wind_dir_sin

[2025-07-03 16:48:53] WARNING: Prediction failed
[2025-07-03 16:48:56] ERROR: Error in prediction: The feature names should match those that were passed during fit.
Feature names unseen at fit time:
- east_m_s
- latitude
- longitude
- north_m_s
Feature names seen at fit time, yet now missing:
- cloudcover
- precipitation
- weathercode
- wind_dir_cos
- wind_dir_sin

[2025-07-03 16:48:56] WARNING: Prediction failed
[2025-07-03 16:48:58] ERROR: Error in prediction: The feature names should match those that were passed during fit.
Feature names unseen at fit time:
- east_m_s
- latitude
- longitude
- north_m_s
Feature names seen at fit time, yet now missing:
- cloudcover
- precipitation
- weathercode
- wind_dir_cos
- wind_dir_sin

[2025-07-03 16:48:58] WARNING: Prediction failed
[2025-07-03 16:49:00] ERROR: Error in prediction: The feature names should match those that were passed during fit.
Feature names unseen at fit time:
- east_m_s
- latitude
- longitude
- north_m_s
Feature names seen at fit time, yet now missing:
- cloudcover
- precipitation
- weathercode
- wind_dir_cos
- wind_dir_sin

[2025-07-03 16:49:00] WARNING: Prediction failed
[2025-07-03 16:49:02] ERROR: Error in prediction: The feature names should match those that were passed during fit.
Feature names unseen at fit time:
- east_m_s
- latitude
- longitude
- north_m_s
Feature names seen at fit time, yet now missing:
- cloudcover
- precipitation
- weathercode
- wind_dir_cos
- wind_dir_sin

[2025-07-03 16:49:02] WARNING: Prediction failed
[2025-07-03 16:49:03] ERROR: Error in prediction: The feature names should match those that were passed during fit.
Feature names unseen at fit time:
- east_m_s
- latitude
- longitude
- north_m_s
Feature names seen at fit time, yet now missing:
- cloudcover
- precipitation
- weathercode
- wind_dir_cos
- wind_dir_sin

[2025-07-03 16:49:03] WARNING: Prediction failed
[2025-07-03 16:49:07] ERROR: Error in prediction: The feature names should match those that were passed during fit.
Feature names unseen at fit time:
- east_m_s
- latitude
- longitude
- north_m_s
Feature names seen at fit time, yet now missing:
- cloudcover
- precipitation
- weathercode
- wind_dir_cos
- wind_dir_sin

[2025-07-03 16:49:07] WARNING: Prediction failed
[2025-07-03 16:49:10] ERROR: Error in prediction: The feature names should match those that were passed during fit.
Feature names unseen at fit time:
- east_m_s
- latitude
- longitude
- north_m_s
Feature names seen at fit time, yet now missing:
- cloudcover
- precipitation
- weathercode
- wind_dir_cos
- wind_dir_sin

[2025-07-03 16:49:10] WARNING: Prediction failed
[2025-07-03 16:49:14] ERROR: Error in prediction: The feature names should match those that were passed during fit.
Feature names unseen at fit time:
- east_m_s
- latitude
- longitude
- north_m_s
Feature names seen at fit time, yet now missing:
- cloudcover
- precipitation
- weathercode
- wind_dir_cos
- wind_dir_sin

[2025-07-03 16:49:14] WARNING: Prediction failed
[2025-07-03 16:49:17] ERROR: Error in prediction: The feature names should match those that were passed during fit.
Feature names unseen at fit time:
- east_m_s
- latitude
- longitude
- north_m_s
Feature names seen at fit time, yet now missing:
- cloudcover
- precipitation
- weathercode
- wind_dir_cos
- wind_dir_sin

[2025-07-03 16:49:17] WARNING: Prediction failed
[2025-07-03 16:49:20] ERROR: Error in prediction: The feature names should match those that were passed during fit.
Feature names unseen at fit time:
- east_m_s
- latitude
- longitude
- north_m_s
Feature names seen at fit time, yet now missing:
- cloudcover
- precipitation
- weathercode
- wind_dir_cos
- wind_dir_sin

[2025-07-03 16:49:20] WARNING: Prediction failed
[2025-07-03 16:49:24] ERROR: Error in prediction: The feature names should match those that were passed during fit.
Feature names unseen at fit time:
- east_m_s
- latitude
- longitude
- north_m_s
Feature names seen at fit time, yet now missing:
- cloudcover
- precipitation
- weathercode
- wind_dir_cos
- wind_dir_sin

[2025-07-03 16:49:24] WARNING: Prediction failed
[2025-07-03 16:49:26] ERROR: Error in prediction: The feature names should match those that were passed during fit.
Feature names unseen at fit time:
- east_m_s
- latitude
- longitude
- north_m_s
Feature names seen at fit time, yet now missing:
- cloudcover
- precipitation
- weathercode
- wind_dir_cos
- wind_dir_sin

[2025-07-03 16:49:26] WARNING: Prediction failed
[2025-07-03 16:49:29] ERROR: Error in prediction: The feature names should match those that were passed during fit.
Feature names unseen at fit time:
- east_m_s
- latitude
- longitude
- north_m_s
Feature names seen at fit time, yet now missing:
- cloudcover
- precipitation
- weathercode
- wind_dir_cos
- wind_dir_sin

[2025-07-03 16:49:29] WARNING: Prediction failed
[2025-07-03 16:49:31] ERROR: Error in prediction: The feature names should match those that were passed during fit.
Feature names unseen at fit time:
- east_m_s
- latitude
- longitude
- north_m_s
Feature names seen at fit time, yet now missing:
- cloudcover
- precipitation
- weathercode
- wind_dir_cos
- wind_dir_sin

[2025-07-03 16:49:31] WARNING: Prediction failed
[2025-07-03 16:49:33] ERROR: Error in prediction: The feature names should match those that were passed during fit.
Feature names unseen at fit time:
- east_m_s
- latitude
- longitude
- north_m_s
Feature names seen at fit time, yet now missing:
- cloudcover
- precipitation
- weathercode
- wind_dir_cos
- wind_dir_sin

[2025-07-03 16:49:33] WARNING: Prediction failed
[2025-07-03 16:49:35] ERROR: Error in prediction: The feature names should match those that were passed during fit.
Feature names unseen at fit time:
- east_m_s
- latitude
- longitude
- north_m_s
Feature names seen at fit time, yet now missing:
- cloudcover
- precipitation
- weathercode
- wind_dir_cos
- wind_dir_sin

[2025-07-03 16:49:35] WARNING: Prediction failed
[2025-07-03 16:49:37] ERROR: Error in prediction: The feature names should match those that were passed during fit.
Feature names unseen at fit time:
- east_m_s
- latitude
- longitude
- north_m_s
Feature names seen at fit time, yet now missing:
- cloudcover
- precipitation
- weathercode
- wind_dir_cos
- wind_dir_sin

[2025-07-03 16:49:37] WARNING: Prediction failed
[2025-07-03 16:49:40] ERROR: Error in prediction: The feature names should match those that were passed during fit.
Feature names unseen at fit time:
- east_m_s
- latitude
- longitude
- north_m_s
Feature names seen at fit time, yet now missing:
- cloudcover
- precipitation
- weathercode
- wind_dir_cos
- wind_dir_sin

[2025-07-03 16:49:40] WARNING: Prediction failed
[2025-07-03 17:22:27] INFO: Database weather_predict created or exists
[2025-07-03 17:22:27] INFO: Table predictions created or exists
[2025-07-03 17:22:27] ERROR: Please use --tcp or --csv <path>
[2025-07-03 17:22:36] INFO: Database weather_predict created or exists
[2025-07-03 17:22:36] INFO: Table predictions created or exists
[2025-07-03 17:22:36] INFO: Attempting to connect to TCPLogServer at 127.0.0.1:9001
[2025-07-03 17:22:36] INFO: Waiting 15 seconds before first connection attempt...
[2025-07-03 17:22:51] INFO: Connected to TCP server. Waiting for data...
[2025-07-03 17:22:52] INFO: Weather model and scaler loaded successfully
[2025-07-03 17:22:53] ERROR: Invalid Open-Meteo response: {'reason': "Data corrupted at path ''. Cannot initialize Float from invalid String value 144.7758969造t=relative_humidity_2m.", 'error': True}
[2025-07-03 17:22:55] ERROR: Invalid Open-Meteo response: {'reason': "Data corrupted at path ''. Cannot initialize Float from invalid String value 144.7758969造t=relative_humidity_2m.", 'error': True}
[2025-07-03 17:22:57] INFO: Rain chance for 2025-07-03T13:00: 0%
[2025-07-03 17:22:59] INFO: Prediction saved to predictions/predicted_weather_20250703_115236.csv
[2025-07-03 17:22:59] ERROR: Database Error: 1054 (42S22): Unknown column 'predicted_temperature' in 'field list'
[2025-07-03 17:23:52] INFO: Weather model and scaler loaded successfully
[2025-07-03 17:23:55] ERROR: Invalid Open-Meteo response: {'error': True, 'reason': "Data corrupted at path ''. Cannot initialize Float from invalid String value 144.7756767造t=relative_humidity_2m."}
[2025-07-03 17:23:56] ERROR: Invalid Open-Meteo response: {'reason': "Data corrupted at path ''. Cannot initialize Float from invalid String value 144.7756767造t=relative_humidity_2m.", 'error': True}
[2025-07-03 17:23:58] INFO: Rain chance for 2025-07-03T13:00: 0%
[2025-07-03 17:24:00] INFO: Prediction saved to predictions/predicted_weather_20250703_115236.csv
[2025-07-03 17:24:00] ERROR: Database Error: 1054 (42S22): Unknown column 'predicted_temperature' in 'field list'
[2025-07-03 17:29:47] INFO: Database weather_predict created or exists
[2025-07-03 17:29:47] INFO: Table predictions recreated with correct schema
[2025-07-03 17:29:47] ERROR: Please use --tcp or --csv <path>
[2025-07-03 17:29:55] INFO: Database weather_predict created or exists
[2025-07-03 17:29:55] INFO: Table predictions recreated with correct schema
[2025-07-03 17:29:55] INFO: Attempting to connect to TCPLogServer at 127.0.0.1:9001
[2025-07-03 17:29:55] INFO: Waiting 15 seconds before first connection attempt...
[2025-07-03 17:30:10] INFO: Connected to TCP server. Waiting for data...
[2025-07-03 17:30:11] INFO: Weather model and scaler loaded successfully
[2025-07-03 17:30:14] INFO: API response: humidity=97%, cloud_cover=48%
[2025-07-03 17:30:17] INFO: API response: humidity=97%, cloud_cover=48%
[2025-07-03 17:30:19] INFO: Rain chance for 2025-07-03T14:00: 0%
[2025-07-03 17:30:21] WARNING: Retrying (Retry(total=1, connect=None, read=None, redirect=None, status=None)) after connection broken by 'ReadTimeoutError("HTTPSConnectionPool(host='nominatim.openstreetmap.org', port=443): Read timed out. (read timeout=1)")': /reverse?lat=-37.7663182&lon=144.7713804&format=json&accept-language=en&addressdetails=1
[2025-07-03 17:30:22] ERROR: Prediction Error: name 'drone_data' is not defined
[2025-07-03 17:30:22] ERROR: Prediction Error: name 'drone_data' is not defined
[2025-07-03 17:30:23] INFO: Weather model and scaler loaded successfully
[2025-07-03 17:30:31] INFO: API response: humidity=97%, cloud_cover=48%
[2025-07-03 17:30:35] INFO: API response: humidity=97%, cloud_cover=48%
[2025-07-03 17:30:43] INFO: Rain chance for 2025-07-03T14:00: 0%
[2025-07-03 17:30:44] WARNING: Retrying (Retry(total=1, connect=None, read=None, redirect=None, status=None)) after connection broken by 'ReadTimeoutError("HTTPSConnectionPool(host='nominatim.openstreetmap.org', port=443): Read timed out. (read timeout=1)")': /reverse?lat=-37.7662872&lon=144.771448&format=json&accept-language=en&addressdetails=1
[2025-07-03 17:30:46] ERROR: Prediction Error: name 'drone_data' is not defined
[2025-07-03 17:30:46] ERROR: Prediction Error: name 'drone_data' is not defined
[2025-07-03 17:30:46] INFO: Weather model and scaler loaded successfully
[2025-07-03 17:30:51] INFO: API response: humidity=97%, cloud_cover=48%
[2025-07-03 17:30:55] INFO: API response: humidity=97%, cloud_cover=48%
[2025-07-03 17:30:58] INFO: Rain chance for 2025-07-03T14:00: 0%
[2025-07-03 17:30:58] ERROR: Prediction Error: name 'drone_data' is not defined
[2025-07-03 17:30:59] ERROR: Prediction Error: name 'drone_data' is not defined
[2025-07-03 17:30:59] INFO: Weather model and scaler loaded successfully
[2025-07-03 17:31:04] INFO: API response: humidity=97%, cloud_cover=48%
