[2025-07-16 12:22:06] INFO: Starting MAVSDK Logger...
[2025-07-16 12:22:08] INFO: Starting Wind Calculator...
[2025-07-16 12:22:10] INFO: Starting TCP Client...
[2025-07-16 12:22:12] INFO: Starting Dashboard...
[2025-07-16 12:22:14] INFO: All components started. Monitoring processes...
[2025-07-16 12:22:14] ERROR: Wind Calculator exited with code 0.
[2025-07-16 12:24:52] INFO: Starting MAVSDK Logger...
[2025-07-16 12:24:54] INFO: Starting Wind Calculator...
[2025-07-16 12:24:56] INFO: Starting TCP Client...
[2025-07-16 12:24:58] INFO: Starting Dashboard...
[2025-07-16 12:25:00] INFO: All components started. Monitoring processes...
[2025-07-16 12:41:58] INFO: Pipeline interrupted by user. Shutting down...
[2025-07-16 12:41:58] INFO: All processes terminated.
[2025-07-16 12:42:33] INFO: Starting MAVSDK Logger...
[2025-07-16 12:42:35] INFO: Starting Wind Calculator...
[2025-07-16 12:42:37] INFO: Starting TCP Client...
[2025-07-16 12:42:39] INFO: Starting Dashboard...
[2025-07-16 12:42:41] INFO: All components started. Monitoring processes...
[2025-07-16 15:31:51] INFO: Pipeline interrupted by user. Shutting down...
[2025-07-16 15:31:51] INFO: All processes terminated.
